  [1m[35m (3.0ms)[0m  [1m[34mSELECT "schema_migrations"."version" FROM "schema_migrations" ORDER BY "schema_migrations"."version" ASC[0m
  [1m[35m (31.4ms)[0m  [1m[34mSELECT "ar_internal_metadata"."value" FROM "ar_internal_metadata" WHERE "ar_internal_metadata"."key" = $1[0m  [["key", "environment"]]
  [1m[35m (0.5ms)[0m  [1m[34mSELECT "schema_migrations"."version" FROM "schema_migrations" ORDER BY "schema_migrations"."version" ASC[0m
  [1m[35m (0.4ms)[0m  [1m[34mSELECT "ar_internal_metadata"."value" FROM "ar_internal_metadata" WHERE "ar_internal_metadata"."key" = $1[0m  [["key", "environment"]]
  [1m[35m (0.5ms)[0m  [1m[34mSELECT "schema_migrations"."version" FROM "schema_migrations" ORDER BY "schema_migrations"."version" ASC[0m
  [1m[35m (0.3ms)[0m  [1m[34mSELECT "ar_internal_metadata"."value" FROM "ar_internal_metadata" WHERE "ar_internal_metadata"."key" = $1[0m  [["key", "environment"]]
  [1m[35m (72.8ms)[0m  [1m[35mDROP DATABASE IF EXISTS "chalumanni_development"[0m
  [1m[35m (90.4ms)[0m  [1m[35mDROP DATABASE IF EXISTS "chalumanni_test"[0m
  [1m[35m (174.6ms)[0m  [1m[35mCREATE DATABASE "chalumanni_development" ENCODING = 'unicode'[0m
  [1m[35m (96.3ms)[0m  [1m[35mCREATE DATABASE "chalumanni_test" ENCODING = 'unicode'[0m
  [1m[35m (7.0ms)[0m  [1m[35mCREATE TABLE "schema_migrations" ("version" character varying NOT NULL PRIMARY KEY)[0m
  [1m[35m (5.3ms)[0m  [1m[35mCREATE TABLE "ar_internal_metadata" ("key" character varying NOT NULL PRIMARY KEY, "value" character varying, "created_at" timestamp(6) NOT NULL, "updated_at" timestamp(6) NOT NULL)[0m
  [1m[35m (0.2ms)[0m  [1m[34mSELECT pg_try_advisory_lock(389539166483990460)[0m
  [1m[35m (0.6ms)[0m  [1m[34mSELECT "schema_migrations"."version" FROM "schema_migrations" ORDER BY "schema_migrations"."version" ASC[0m
  [1m[36mActiveRecord::InternalMetadata Load (0.4ms)[0m  [1m[34mSELECT "ar_internal_metadata".* FROM "ar_internal_metadata" WHERE "ar_internal_metadata"."key" = $1 LIMIT $2[0m  [["key", "environment"], ["LIMIT", 1]]
  [1m[35m (0.2ms)[0m  [1m[35mBEGIN[0m
  [1m[36mActiveRecord::InternalMetadata Create (0.6ms)[0m  [1m[32mINSERT INTO "ar_internal_metadata" ("key", "value", "created_at", "updated_at") VALUES ($1, $2, $3, $4) RETURNING "key"[0m  [["key", "environment"], ["value", "development"], ["created_at", "2021-06-22 04:10:56.284567"], ["updated_at", "2021-06-22 04:10:56.284567"]]
  [1m[35m (0.6ms)[0m  [1m[35mCOMMIT[0m
  [1m[35m (0.4ms)[0m  [1m[34mSELECT pg_advisory_unlock(389539166483990460)[0m
  [1m[35m (0.5ms)[0m  [1m[34mSELECT "schema_migrations"."version" FROM "schema_migrations" ORDER BY "schema_migrations"."version" ASC[0m
  [1m[35m (0.2ms)[0m  [1m[34mSELECT pg_try_advisory_lock(389539166483990460)[0m
  [1m[35m (0.6ms)[0m  [1m[34mSELECT "schema_migrations"."version" FROM "schema_migrations" ORDER BY "schema_migrations"."version" ASC[0m
Migrating to DeviseCreateUsers (20210622041126)
  [1m[35m (0.4ms)[0m  [1m[35mBEGIN[0m
  [1m[35m (50.4ms)[0m  [1m[35mCREATE TABLE "users" ("id" bigserial primary key, "email" character varying DEFAULT '' NOT NULL, "encrypted_password" character varying DEFAULT '' NOT NULL, "reset_password_token" character varying, "reset_password_sent_at" timestamp, "remember_created_at" timestamp, "created_at" timestamp(6) NOT NULL, "updated_at" timestamp(6) NOT NULL)[0m
  [1m[35m (1.4ms)[0m  [1m[35mCREATE UNIQUE INDEX  "index_users_on_email" ON "users"  ("email")[0m
  [1m[35m (0.9ms)[0m  [1m[35mCREATE UNIQUE INDEX  "index_users_on_reset_password_token" ON "users"  ("reset_password_token")[0m
  [1m[36mActiveRecord::SchemaMigration Create (0.6ms)[0m  [1m[32mINSERT INTO "schema_migrations" ("version") VALUES ($1) RETURNING "version"[0m  [["version", "20210622041126"]]
  [1m[35m (0.6ms)[0m  [1m[35mCOMMIT[0m
  [1m[36mActiveRecord::InternalMetadata Load (0.4ms)[0m  [1m[34mSELECT "ar_internal_metadata".* FROM "ar_internal_metadata" WHERE "ar_internal_metadata"."key" = $1 LIMIT $2[0m  [["key", "environment"], ["LIMIT", 1]]
  [1m[35m (0.4ms)[0m  [1m[34mSELECT pg_advisory_unlock(389539166483990460)[0m
  [1m[35m (1.1ms)[0m  [1m[34mSELECT "schema_migrations"."version" FROM "schema_migrations" ORDER BY "schema_migrations"."version" ASC[0m
Started GET "/" for ::1 at 2021-06-22 20:05:45 -0300
  [1m[35m (0.7ms)[0m  [1m[34mSELECT "schema_migrations"."version" FROM "schema_migrations" ORDER BY "schema_migrations"."version" ASC[0m
Processing by PagesController#home as HTML
  Rendering pages/home.html.erb within layouts/application
  Rendered pages/home.html.erb within layouts/application (Duration: 3.1ms | Allocations: 377)
[Webpacker] Compiling...
[Webpacker] Compiled all packs in /Users/eduardoappiopini/code/Appiopini/Fullstack-Developer/chalumanni/public/packs
[Webpacker] Though the "loose" option was set to "false" in your @babel/preset-env config, it will not be used for @babel/plugin-proposal-private-methods since the "loose" mode option was set to "true" for @babel/plugin-proposal-class-properties.
The "loose" option must be the same for @babel/plugin-proposal-class-properties, @babel/plugin-proposal-private-methods and @babel/plugin-proposal-private-property-in-object (when they are enabled): you can silence this warning by explicitly adding
	["@babel/plugin-proposal-private-methods", { "loose": true }]
to the "plugins" section of your Babel config.
Though the "loose" option was set to "false" in your @babel/preset-env config, it will not be used for @babel/plugin-proposal-private-methods since the "loose" mode option was set to "true" for @babel/plugin-proposal-class-properties.
The "loose" option must be the same for @babel/plugin-proposal-class-properties, @babel/plugin-proposal-private-methods and @babel/plugin-proposal-private-property-in-object (when they are enabled): you can silence this warning by explicitly adding
	["@babel/plugin-proposal-private-methods", { "loose": true }]
to the "plugins" section of your Babel config.

[Webpacker] Hash: 30970c667cfee54168b8
Version: webpack 4.46.0
Time: 1981ms
Built at: 06/22/2021 8:05:53 PM
                                     Asset       Size       Chunks                         Chunk Names
    js/application-aabcb3e960ff66094706.js    617 KiB  application  [emitted] [immutable]  application
js/application-aabcb3e960ff66094706.js.map    756 KiB  application  [emitted] [dev]        application
                             manifest.json  364 bytes               [emitted]              
Entrypoint application = js/application-aabcb3e960ff66094706.js js/application-aabcb3e960ff66094706.js.map
[./app/javascript/channels sync recursive _channel\.js$] ./app/javascript/channels sync _channel\.js$ 160 bytes {application} [built]
[./app/javascript/channels/index.js] 211 bytes {application} [built]
[./app/javascript/packs/application.js] 1.18 KiB {application} [built]
[./node_modules/webpack/buildin/global.js] (webpack)/buildin/global.js 472 bytes {application} [built]
    + 6 hidden modules

  Rendered shared/_navbar.html.erb (Duration: 4.7ms | Allocations: 615)
  Rendered shared/_flashes.html.erb (Duration: 0.7ms | Allocations: 190)
Completed 200 OK in 7357ms (Views: 7319.6ms | ActiveRecord: 0.0ms | Allocations: 137344)


Started GET "/users/sign_in" for ::1 at 2021-06-22 20:06:12 -0300
Processing by Devise::SessionsController#new as HTML
  Rendering devise/sessions/new.html.erb within layouts/application
  Rendered devise/shared/_links.html.erb (Duration: 1.3ms | Allocations: 617)
  Rendered devise/sessions/new.html.erb within layouts/application (Duration: 144.4ms | Allocations: 28626)
[Webpacker] Everything's up-to-date. Nothing to do
  Rendered shared/_navbar.html.erb (Duration: 0.5ms | Allocations: 136)
  Rendered shared/_flashes.html.erb (Duration: 0.1ms | Allocations: 23)
Completed 200 OK in 187ms (Views: 167.7ms | ActiveRecord: 4.8ms | Allocations: 46802)


Started GET "/users/sign_up" for ::1 at 2021-06-22 20:06:19 -0300
Processing by Devise::RegistrationsController#new as HTML
  Rendering devise/registrations/new.html.erb within layouts/application
  Rendered devise/shared/_links.html.erb (Duration: 0.9ms | Allocations: 124)
  Rendered devise/registrations/new.html.erb within layouts/application (Duration: 34.7ms | Allocations: 6786)
[Webpacker] Everything's up-to-date. Nothing to do
  Rendered shared/_navbar.html.erb (Duration: 0.3ms | Allocations: 136)
  Rendered shared/_flashes.html.erb (Duration: 0.1ms | Allocations: 23)
Completed 200 OK in 71ms (Views: 69.0ms | ActiveRecord: 0.0ms | Allocations: 18297)


Started GET "/users/sign_in" for ::1 at 2021-06-22 20:06:28 -0300
Processing by Devise::SessionsController#new as HTML
  Rendering devise/sessions/new.html.erb within layouts/application
  Rendered devise/shared/_links.html.erb (Duration: 0.9ms | Allocations: 134)
  Rendered devise/sessions/new.html.erb within layouts/application (Duration: 37.6ms | Allocations: 7821)
[Webpacker] Everything's up-to-date. Nothing to do
  Rendered shared/_navbar.html.erb (Duration: 0.3ms | Allocations: 136)
  Rendered shared/_flashes.html.erb (Duration: 0.1ms | Allocations: 23)
Completed 200 OK in 75ms (Views: 70.8ms | ActiveRecord: 0.0ms | Allocations: 18636)


Started GET "/users/sign_in" for ::1 at 2021-06-22 20:06:31 -0300
Processing by Devise::SessionsController#new as HTML
  Rendering devise/sessions/new.html.erb within layouts/application
  Rendered devise/shared/_links.html.erb (Duration: 0.4ms | Allocations: 134)
  Rendered devise/sessions/new.html.erb within layouts/application (Duration: 39.2ms | Allocations: 7827)
[Webpacker] Everything's up-to-date. Nothing to do
  Rendered shared/_navbar.html.erb (Duration: 0.2ms | Allocations: 131)
  Rendered shared/_flashes.html.erb (Duration: 0.1ms | Allocations: 21)
Completed 200 OK in 56ms (Views: 54.9ms | ActiveRecord: 0.0ms | Allocations: 18620)


  [1m[35m (42.3ms)[0m  [1m[34mSELECT pg_try_advisory_lock(389539166483990460)[0m
  [1m[35m (2.1ms)[0m  [1m[34mSELECT "schema_migrations"."version" FROM "schema_migrations" ORDER BY "schema_migrations"."version" ASC[0m
  [1m[36mActiveRecord::InternalMetadata Load (2.9ms)[0m  [1m[34mSELECT "ar_internal_metadata".* FROM "ar_internal_metadata" WHERE "ar_internal_metadata"."key" = $1 LIMIT $2[0m  [["key", "environment"], ["LIMIT", 1]]
  [1m[35m (0.3ms)[0m  [1m[34mSELECT pg_advisory_unlock(389539166483990460)[0m
  [1m[35m (0.8ms)[0m  [1m[34mSELECT "schema_migrations"."version" FROM "schema_migrations" ORDER BY "schema_migrations"."version" ASC[0m
Started GET "/" for ::1 at 2021-06-24 11:12:49 -0300
  [1m[35m (0.6ms)[0m  [1m[34mSELECT "schema_migrations"."version" FROM "schema_migrations" ORDER BY "schema_migrations"."version" ASC[0m
Processing by PagesController#home as HTML
  Rendering pages/home.html.erb within layouts/application
  Rendered pages/home.html.erb within layouts/application (Duration: 1.9ms | Allocations: 204)
[Webpacker] Everything's up-to-date. Nothing to do
  Rendered shared/_navbar.html.erb (Duration: 9.1ms | Allocations: 618)
  Rendered shared/_flashes.html.erb (Duration: 3.2ms | Allocations: 190)
Completed 200 OK in 431ms (Views: 422.3ms | ActiveRecord: 0.0ms | Allocations: 41616)


Started GET "/" for ::1 at 2021-06-24 11:20:20 -0300
Processing by PagesController#home as HTML
  Rendering pages/home.html.erb within layouts/application
  Rendered pages/home.html.erb within layouts/application (Duration: 0.3ms | Allocations: 84)
[Webpacker] Everything's up-to-date. Nothing to do
  Rendered shared/_navbar.html.erb (Duration: 1.3ms | Allocations: 537)
  Rendered shared/_flashes.html.erb (Duration: 0.6ms | Allocations: 200)
Completed 200 OK in 60ms (Views: 56.8ms | ActiveRecord: 0.0ms | Allocations: 12675)


Started GET "/" for ::1 at 2021-06-24 11:20:59 -0300
Processing by PagesController#home as HTML
  Rendering pages/home.html.erb within layouts/application
  Rendered pages/home.html.erb within layouts/application (Duration: 2.5ms | Allocations: 83)
[Webpacker] Everything's up-to-date. Nothing to do
  Rendered shared/_navbar.html.erb (Duration: 1.3ms | Allocations: 542)
  Rendered shared/_flashes.html.erb (Duration: 0.4ms | Allocations: 206)
Completed 200 OK in 67ms (Views: 65.3ms | ActiveRecord: 0.0ms | Allocations: 12673)


Started GET "/" for ::1 at 2021-06-24 11:23:40 -0300
Processing by PagesController#home as HTML
  Rendering pages/home.html.erb within layouts/application
  Rendered pages/home.html.erb within layouts/application (Duration: 0.6ms | Allocations: 83)
[Webpacker] Everything's up-to-date. Nothing to do
  Rendered shared/_navbar.html.erb (Duration: 87.7ms | Allocations: 34404)
  Rendered shared/_flashes.html.erb (Duration: 0.6ms | Allocations: 204)
Completed 200 OK in 114ms (Views: 112.5ms | ActiveRecord: 0.0ms | Allocations: 46541)


Started GET "/users/sign_in" for ::1 at 2021-06-24 11:23:46 -0300
Processing by Devise::SessionsController#new as HTML
  Rendering devise/sessions/new.html.erb within layouts/application
  Rendered devise/shared/_links.html.erb (Duration: 1.6ms | Allocations: 612)
  Rendered devise/sessions/new.html.erb within layouts/application (Duration: 55.6ms | Allocations: 17637)
[Webpacker] Everything's up-to-date. Nothing to do
  Rendered shared/_navbar.html.erb (Duration: 1.2ms | Allocations: 578)
  Rendered shared/_flashes.html.erb (Duration: 0.1ms | Allocations: 23)
Completed 200 OK in 93ms (Views: 75.9ms | ActiveRecord: 7.1ms | Allocations: 35986)


Started GET "/users/sign_up" for ::1 at 2021-06-24 11:23:52 -0300
Processing by Devise::RegistrationsController#new as HTML
  Rendering devise/registrations/new.html.erb within layouts/application
  Rendered devise/shared/_links.html.erb (Duration: 0.3ms | Allocations: 124)
  Rendered devise/registrations/new.html.erb within layouts/application (Duration: 14.2ms | Allocations: 6628)
[Webpacker] Everything's up-to-date. Nothing to do
  Rendered shared/_navbar.html.erb (Duration: 1.0ms | Allocations: 578)
  Rendered shared/_flashes.html.erb (Duration: 0.1ms | Allocations: 23)
Completed 200 OK in 34ms (Views: 33.0ms | ActiveRecord: 0.0ms | Allocations: 18609)


Started POST "/users" for ::1 at 2021-06-24 11:24:10 -0300
Processing by Devise::RegistrationsController#create as HTML
  Parameters: {"authenticity_token"=>"/yRBLtXHBnOXLHIdTRz83P7aO3pSN+0FwupT4kHVZn3jLur4zTWBGD/EUsQ+DrGN6sP6zY9/1pKh4eU0raPy5A==", "user"=>{"email"=>"email@email.com", "password"=>"[FILTERED]", "password_confirmation"=>"[FILTERED]"}, "commit"=>"Sign up"}
  [1m[35m (0.1ms)[0m  [1m[35mBEGIN[0m
  [1m[36mUser Exists? (43.6ms)[0m  [1m[34mSELECT 1 AS one FROM "users" WHERE "users"."email" = $1 LIMIT $2[0m  [["email", "email@email.com"], ["LIMIT", 1]]
  [1m[36mUser Create (4.5ms)[0m  [1m[32mINSERT INTO "users" ("email", "encrypted_password", "created_at", "updated_at") VALUES ($1, $2, $3, $4) RETURNING "id"[0m  [["email", "email@email.com"], ["encrypted_password", "$2a$12$.20hkCM5uvxOElkkUrpcbOqlqgRzo3bSGtSjGI/oO8LwUpW9FjJRi"], ["created_at", "2021-06-24 14:24:10.539884"], ["updated_at", "2021-06-24 14:24:10.539884"]]
  [1m[35m (0.7ms)[0m  [1m[35mCOMMIT[0m
Redirected to http://localhost:3000/
Completed 302 Found in 321ms (ActiveRecord: 48.9ms | Allocations: 11086)


Started GET "/" for ::1 at 2021-06-24 11:24:10 -0300
Processing by PagesController#home as HTML
  Rendering pages/home.html.erb within layouts/application
  Rendered pages/home.html.erb within layouts/application (Duration: 0.0ms | Allocations: 4)
[Webpacker] Everything's up-to-date. Nothing to do
  [1m[36mUser Load (0.3ms)[0m  [1m[34mSELECT "users".* FROM "users" WHERE "users"."id" = $1 ORDER BY "users"."id" ASC LIMIT $2[0m  [["id", 1], ["LIMIT", 1]]
  ↳ app/views/shared/_navbar.html.erb:14
  Rendered shared/_navbar.html.erb (Duration: 4.8ms | Allocations: 1791)
  Rendered shared/_flashes.html.erb (Duration: 0.1ms | Allocations: 28)
Completed 200 OK in 30ms (Views: 29.3ms | ActiveRecord: 0.5ms | Allocations: 12361)


Started GET "/" for ::1 at 2021-06-24 11:24:19 -0300
Processing by PagesController#home as HTML
  Rendering pages/home.html.erb within layouts/application
  Rendered pages/home.html.erb within layouts/application (Duration: 0.1ms | Allocations: 4)
[Webpacker] Everything's up-to-date. Nothing to do
  [1m[36mUser Load (0.3ms)[0m  [1m[34mSELECT "users".* FROM "users" WHERE "users"."id" = $1 ORDER BY "users"."id" ASC LIMIT $2[0m  [["id", 1], ["LIMIT", 1]]
  ↳ app/views/shared/_navbar.html.erb:14
  Rendered shared/_navbar.html.erb (Duration: 2.9ms | Allocations: 1650)
  Rendered shared/_flashes.html.erb (Duration: 0.1ms | Allocations: 21)
Completed 200 OK in 36ms (Views: 33.1ms | ActiveRecord: 0.3ms | Allocations: 12202)


Started GET "/" for ::1 at 2021-06-24 11:24:22 -0300
Processing by PagesController#home as HTML
  Rendering pages/home.html.erb within layouts/application
  Rendered pages/home.html.erb within layouts/application (Duration: 0.1ms | Allocations: 4)
[Webpacker] Everything's up-to-date. Nothing to do
  [1m[36mUser Load (0.4ms)[0m  [1m[34mSELECT "users".* FROM "users" WHERE "users"."id" = $1 ORDER BY "users"."id" ASC LIMIT $2[0m  [["id", 1], ["LIMIT", 1]]
  ↳ app/views/shared/_navbar.html.erb:14
  Rendered shared/_navbar.html.erb (Duration: 4.6ms | Allocations: 1639)
  Rendered shared/_flashes.html.erb (Duration: 0.1ms | Allocations: 21)
Completed 200 OK in 30ms (Views: 28.7ms | ActiveRecord: 0.4ms | Allocations: 12198)


Started GET "/" for ::1 at 2021-06-24 11:27:47 -0300
Processing by PagesController#home as HTML
  Rendering pages/home.html.erb within layouts/application
  Rendered pages/home.html.erb within layouts/application (Duration: 0.7ms | Allocations: 87)
[Webpacker] Everything's up-to-date. Nothing to do
  [1m[36mUser Load (2.6ms)[0m  [1m[34mSELECT "users".* FROM "users" WHERE "users"."id" = $1 ORDER BY "users"."id" ASC LIMIT $2[0m  [["id", 1], ["LIMIT", 1]]
  ↳ app/views/shared/_navbar.html.erb:14
  Rendered shared/_navbar.html.erb (Duration: 107.8ms | Allocations: 37719)
  Rendered shared/_flashes.html.erb (Duration: 1.3ms | Allocations: 204)
Completed 200 OK in 152ms (Views: 147.5ms | ActiveRecord: 2.6ms | Allocations: 49876)


Started GET "/" for ::1 at 2021-06-24 11:30:16 -0300
Processing by PagesController#home as HTML
  Rendering pages/home.html.erb within layouts/application
  Rendered pages/home.html.erb within layouts/application (Duration: 0.6ms | Allocations: 82)
[Webpacker] Everything's up-to-date. Nothing to do
  [1m[36mUser Load (0.3ms)[0m  [1m[34mSELECT "users".* FROM "users" WHERE "users"."id" = $1 ORDER BY "users"."id" ASC LIMIT $2[0m  [["id", 1], ["LIMIT", 1]]
  ↳ app/views/shared/_navbar.html.erb:14
  Rendered shared/_navbar.html.erb (Duration: 206.8ms | Allocations: 91896)
Completed 500 Internal Server Error in 237ms (ActiveRecord: 0.3ms | Allocations: 103608)


  
ActionView::Template::Error (undefined method `user_path' for #<#<Class:0x00007fee3fd1b700>:0x00007fee3fd19ea0>):
    22:             <%= image_tag ("user/therock.jpg"), class: "avatar dropdown-toggle", id: "navbarDropdown", data: { toggle: "dropdown" }, 'aria-haspopup': true, 'aria-expanded': false %>
    23:             <div class="dropdown-menu dropdown-menu-right" aria-labelledby="navbarDropdown">
    24:               <%= link_to "Action", "#", class: "dropdown-item" %>
    25:               <%= link_to "Account", user_path(current_user) , class: "dropdown-item" %>
    26:               <%= link_to "Another action", "#", class: "dropdown-item" %>
    27:               <%= link_to "Log out", destroy_user_session_path, method: :delete, class: "dropdown-item" %>
    28:             </div>
  
app/views/shared/_navbar.html.erb:25
app/views/layouts/application.html.erb:15
Started GET "/" for ::1 at 2021-06-24 11:30:43 -0300
Processing by PagesController#home as HTML
  Rendering pages/home.html.erb within layouts/application
  Rendered pages/home.html.erb within layouts/application (Duration: 0.6ms | Allocations: 82)
[Webpacker] Everything's up-to-date. Nothing to do
  [1m[36mUser Load (0.8ms)[0m  [1m[34mSELECT "users".* FROM "users" WHERE "users"."id" = $1 ORDER BY "users"."id" ASC LIMIT $2[0m  [["id", 1], ["LIMIT", 1]]
  ↳ app/views/shared/_navbar.html.erb:14
  Rendered shared/_navbar.html.erb (Duration: 359.4ms | Allocations: 178394)
Completed 500 Internal Server Error in 387ms (ActiveRecord: 0.8ms | Allocations: 190107)


  
ActionView::Template::Error (undefined local variable or method `user_path' for #<#<Class:0x00007fee3f5fe580>:0x00007fee3f6375d8>):
    22:             <%= image_tag ("user/therock.jpg"), class: "avatar dropdown-toggle", id: "navbarDropdown", data: { toggle: "dropdown" }, 'aria-haspopup': true, 'aria-expanded': false %>
    23:             <div class="dropdown-menu dropdown-menu-right" aria-labelledby="navbarDropdown">
    24:               <%= link_to "Action", "#", class: "dropdown-item" %>
    25:               <%= link_to "Account", user_path , class: "dropdown-item" %>
    26:               <%= link_to "Another action", "#", class: "dropdown-item" %>
    27:               <%= link_to "Log out", destroy_user_session_path, method: :delete, class: "dropdown-item" %>
    28:             </div>
  
app/views/shared/_navbar.html.erb:25
app/views/layouts/application.html.erb:15
Started GET "/" for ::1 at 2021-06-24 11:37:09 -0300
Processing by PagesController#home as HTML
  Rendering pages/home.html.erb within layouts/application
  Rendered pages/home.html.erb within layouts/application (Duration: 0.6ms | Allocations: 82)
[Webpacker] Everything's up-to-date. Nothing to do
  [1m[36mUser Load (9.4ms)[0m  [1m[34mSELECT "users".* FROM "users" WHERE "users"."id" = $1 ORDER BY "users"."id" ASC LIMIT $2[0m  [["id", 1], ["LIMIT", 1]]
  ↳ app/views/shared/_navbar.html.erb:14
  Rendered shared/_navbar.html.erb (Duration: 680.8ms | Allocations: 178567)
Completed 500 Internal Server Error in 719ms (ActiveRecord: 9.8ms | Allocations: 190280)


  
ActionView::Template::Error (undefined local variable or method `new_user_session' for #<#<Class:0x00007fee3f7f7fa8>:0x00007fee3f7f4060>
Did you mean?  new_user_session_url):
    22:             <%= image_tag ("user/therock.jpg"), class: "avatar dropdown-toggle", id: "navbarDropdown", data: { toggle: "dropdown" }, 'aria-haspopup': true, 'aria-expanded': false %>
    23:             <div class="dropdown-menu dropdown-menu-right" aria-labelledby="navbarDropdown">
    24:               <%= link_to "Action", "#", class: "dropdown-item" %>
    25:               <%= link_to "Another action", new_user_session, class: "dropdown-item" %>
    26:               <%= link_to "Log out", destroy_user_session_path, method: :delete, class: "dropdown-item" %>
    27:             </div>
    28:           </li>
  
app/views/shared/_navbar.html.erb:25
app/views/layouts/application.html.erb:15
Started GET "/" for ::1 at 2021-06-24 11:40:15 -0300
Processing by PagesController#home as HTML
  Rendering pages/home.html.erb within layouts/application
  Rendered pages/home.html.erb within layouts/application (Duration: 0.6ms | Allocations: 87)
[Webpacker] Everything's up-to-date. Nothing to do
  Rendered shared/_navbar.html.erb (Duration: 0.8ms | Allocations: 1262)
Completed 500 Internal Server Error in 28ms (ActiveRecord: 0.0ms | Allocations: 12990)


  
ActionView::SyntaxErrorInTemplate (Encountered a syntax error while rendering template: check <div class="container">
  <div class="navbar navbar-expand-sm navbar-light navbar-lewagon">
    <%= link_to "#", class: "navbar-brand" do %>
      <%= image_tag("logo/logo.png") %>
    <% end %>

    <button class="navbar-toggler" type="button" data-toggle="collapse" data-target="#navbarSupportedContent" aria-controls="navbarSupportedContent" aria-expanded="false" aria-label="Toggle navigation">
      <span class="navbar-toggler-icon"></span>
    </button>


    <div class="collapse navbar-collapse" id="navbarSupportedContent">
      <ul class="navbar-nav mr-auto">
        <% if user_signed_in? %>
          <li class="nav-item active">
            <%= link_to "Home", "#", class: "nav-link" %>
          </li>
          <li class="nav-item">
            <%= link_to "Messages", "#", class: "nav-link" %>
          </li>
          <li class="nav-item dropdown">
            <%= image_tag ("user/therock.jpg"), class: "avatar dropdown-toggle", id: "navbarDropdown", data: { toggle: "dropdown" }, 'aria-haspopup': true, 'aria-expanded': false %>
            <div class="dropdown-menu dropdown-menu-right" aria-labelledby="navbarDropdown">
              <%= link_to "Action", "#", class: "dropdown-item" %>
              <%= link_to "Another action", new_user_session, method: :update class: "dropdown-item" %>
              <%= link_to "Log out", destroy_user_session_path, method: :delete, class: "dropdown-item" %>
            </div>
          </li>
        <% else %>
          <li class="nav-item">
            <%= link_to "Login", new_user_session_path, class: "nav-link" %>
          </li>
        <% end %>
      </ul>
    </div>
  </div>
</div>

):
1:    <div class="container">
2:      <div class="navbar navbar-expand-sm navbar-light navbar-lewagon">
3:        <%= link_to "#", class: "navbar-brand" do %>
4:          <%= image_tag("logo/logo.png") %>
5:        <% end %>
6:    
7:        <button class="navbar-toggler" type="button" data-toggle="collapse" data-target="#navbarSupportedContent" aria-controls="navbarSupportedContent" aria-expanded="false" aria-label="Toggle navigation">
8:          <span class="navbar-toggler-icon"></span>
9:        </button>
10:    
11:    
12:        <div class="collapse navbar-collapse" id="navbarSupportedContent">
13:          <ul class="navbar-nav mr-auto">
14:            <% if user_signed_in? %>
15:              <li class="nav-item active">
16:                <%= link_to "Home", "#", class: "nav-link" %>
17:              </li>
18:              <li class="nav-item">
19:                <%= link_to "Messages", "#", class: "nav-link" %>
20:              </li>
21:              <li class="nav-item dropdown">
22:                <%= image_tag ("user/therock.jpg"), class: "avatar dropdown-toggle", id: "navbarDropdown", data: { toggle: "dropdown" }, 'aria-haspopup': true, 'aria-expanded': false %>
23:                <div class="dropdown-menu dropdown-menu-right" aria-labelledby="navbarDropdown">
24:                  <%= link_to "Action", "#", class: "dropdown-item" %>
25:                  <%= link_to "Another action", new_user_session, method: :update class: "dropdown-item" %>
26:                  <%= link_to "Log out", destroy_user_session_path, method: :delete, class: "dropdown-item" %>
27:                </div>
28:              </li>
29:            <% else %>
30:              <li class="nav-item">
31:                <%= link_to "Login", new_user_session_path, class: "nav-link" %>
32:              </li>
33:            <% end %>
34:          </ul>
35:        </div>
36:      </div>
37:    </div>
  
app/views/shared/_navbar.html.erb:25: syntax error, unexpected class, expecting ')'
app/views/shared/_navbar.html.erb:25: syntax error, unexpected class, expecting ')'
app/views/shared/_navbar.html.erb:25: syntax error, unexpected class, expecting ')'
app/views/shared/_navbar.html.erb:25: syntax error, unexpected class, expecting ')'
app/views/shared/_navbar.html.erb:25: syntax error, unexpected class, expecting ')'
app/views/shared/_navbar.html.erb:25: syntax error, unexpected class, expecting ')'
app/views/layouts/application.html.erb:15
Started GET "/" for ::1 at 2021-06-24 11:55:47 -0300
  [1m[35m (0.8ms)[0m  [1m[34mSELECT "schema_migrations"."version" FROM "schema_migrations" ORDER BY "schema_migrations"."version" ASC[0m
  
ArgumentError (Before process_action callback :authenticate_user! has not been defined):
  
app/controllers/pages_controller.rb:2:in `<class:PagesController>'
app/controllers/pages_controller.rb:1:in `<main>'
Started GET "/" for ::1 at 2021-06-24 11:58:04 -0300
Processing by PagesController#home as HTML
  Rendering pages/home.html.erb within layouts/application
  Rendered pages/home.html.erb within layouts/application (Duration: 0.5ms | Allocations: 91)
[Webpacker] Everything's up-to-date. Nothing to do
  Rendered shared/_navbar.html.erb (Duration: 2.2ms | Allocations: 1272)
Completed 500 Internal Server Error in 213ms (ActiveRecord: 0.0ms | Allocations: 43247)


  
ActionView::SyntaxErrorInTemplate (Encountered a syntax error while rendering template: check <div class="container">
  <div class="navbar navbar-expand-sm navbar-light navbar-lewagon">
    <%= link_to "#", class: "navbar-brand" do %>
      <%= image_tag("logo/logo.png") %>
    <% end %>

    <button class="navbar-toggler" type="button" data-toggle="collapse" data-target="#navbarSupportedContent" aria-controls="navbarSupportedContent" aria-expanded="false" aria-label="Toggle navigation">
      <span class="navbar-toggler-icon"></span>
    </button>


    <div class="collapse navbar-collapse" id="navbarSupportedContent">
      <ul class="navbar-nav mr-auto">
        <% if user_signed_in? %>
          <li class="nav-item active">
            <%= link_to "Home", "#", class: "nav-link" %>
          </li>
          <li class="nav-item">
            <%= link_to "Messages", "#", class: "nav-link" %>
          </li>
          <li class="nav-item dropdown">
            <%= image_tag ("user/therock.jpg"), class: "avatar dropdown-toggle", id: "navbarDropdown", data: { toggle: "dropdown" }, 'aria-haspopup': true, 'aria-expanded': false %>
            <div class="dropdown-menu dropdown-menu-right" aria-labelledby="navbarDropdown">
              <%= link_to "Action", "#", class: "dropdown-item" %>
              <%= link_to "Another action", new_user_session, method: :update class: "dropdown-item" %>
              <%= link_to "Log out", destroy_user_session_path, method: :delete, class: "dropdown-item" %>
            </div>
          </li>
        <% else %>
          <li class="nav-item">
            <%= link_to "Login", new_user_session_path, class: "nav-link" %>
          </li>
        <% end %>
      </ul>
    </div>
  </div>
</div>

):
1:    <div class="container">
2:      <div class="navbar navbar-expand-sm navbar-light navbar-lewagon">
3:        <%= link_to "#", class: "navbar-brand" do %>
4:          <%= image_tag("logo/logo.png") %>
5:        <% end %>
6:    
7:        <button class="navbar-toggler" type="button" data-toggle="collapse" data-target="#navbarSupportedContent" aria-controls="navbarSupportedContent" aria-expanded="false" aria-label="Toggle navigation">
8:          <span class="navbar-toggler-icon"></span>
9:        </button>
10:    
11:    
12:        <div class="collapse navbar-collapse" id="navbarSupportedContent">
13:          <ul class="navbar-nav mr-auto">
14:            <% if user_signed_in? %>
15:              <li class="nav-item active">
16:                <%= link_to "Home", "#", class: "nav-link" %>
17:              </li>
18:              <li class="nav-item">
19:                <%= link_to "Messages", "#", class: "nav-link" %>
20:              </li>
21:              <li class="nav-item dropdown">
22:                <%= image_tag ("user/therock.jpg"), class: "avatar dropdown-toggle", id: "navbarDropdown", data: { toggle: "dropdown" }, 'aria-haspopup': true, 'aria-expanded': false %>
23:                <div class="dropdown-menu dropdown-menu-right" aria-labelledby="navbarDropdown">
24:                  <%= link_to "Action", "#", class: "dropdown-item" %>
25:                  <%= link_to "Another action", new_user_session, method: :update class: "dropdown-item" %>
26:                  <%= link_to "Log out", destroy_user_session_path, method: :delete, class: "dropdown-item" %>
27:                </div>
28:              </li>
29:            <% else %>
30:              <li class="nav-item">
31:                <%= link_to "Login", new_user_session_path, class: "nav-link" %>
32:              </li>
33:            <% end %>
34:          </ul>
35:        </div>
36:      </div>
37:    </div>
  
app/views/shared/_navbar.html.erb:25: syntax error, unexpected class, expecting ')'
app/views/shared/_navbar.html.erb:25: syntax error, unexpected class, expecting ')'
app/views/shared/_navbar.html.erb:25: syntax error, unexpected class, expecting ')'
app/views/shared/_navbar.html.erb:25: syntax error, unexpected class, expecting ')'
app/views/shared/_navbar.html.erb:25: syntax error, unexpected class, expecting ')'
app/views/shared/_navbar.html.erb:25: syntax error, unexpected class, expecting ')'
app/views/layouts/application.html.erb:15
Started GET "/" for ::1 at 2021-06-24 11:59:10 -0300
Processing by PagesController#home as HTML
  Rendering pages/home.html.erb within layouts/application
  Rendered pages/home.html.erb within layouts/application (Duration: 0.8ms | Allocations: 83)
[Webpacker] Everything's up-to-date. Nothing to do
  [1m[36mUser Load (0.9ms)[0m  [1m[34mSELECT "users".* FROM "users" WHERE "users"."id" = $1 ORDER BY "users"."id" ASC LIMIT $2[0m  [["id", 1], ["LIMIT", 1]]
  ↳ app/views/shared/_navbar.html.erb:14
  Rendered shared/_navbar.html.erb (Duration: 46.2ms | Allocations: 10902)
  Rendered shared/_flashes.html.erb (Duration: 0.7ms | Allocations: 214)
Completed 200 OK in 93ms (Views: 80.3ms | ActiveRecord: 9.1ms | Allocations: 23078)


Started GET "/" for ::1 at 2021-06-24 11:59:15 -0300
Processing by PagesController#home as HTML
  Rendering pages/home.html.erb within layouts/application
  Rendered pages/home.html.erb within layouts/application (Duration: 0.1ms | Allocations: 4)
[Webpacker] Everything's up-to-date. Nothing to do
  [1m[36mUser Load (0.3ms)[0m  [1m[34mSELECT "users".* FROM "users" WHERE "users"."id" = $1 ORDER BY "users"."id" ASC LIMIT $2[0m  [["id", 1], ["LIMIT", 1]]
  ↳ app/views/shared/_navbar.html.erb:14
  Rendered shared/_navbar.html.erb (Duration: 3.6ms | Allocations: 2096)
  Rendered shared/_flashes.html.erb (Duration: 0.1ms | Allocations: 21)
Completed 200 OK in 22ms (Views: 20.9ms | ActiveRecord: 0.3ms | Allocations: 12658)


Started GET "/" for ::1 at 2021-06-24 12:02:12 -0300
Processing by PagesController#home as HTML
  Rendering pages/home.html.erb within layouts/application
  Rendered pages/home.html.erb within layouts/application (Duration: 0.5ms | Allocations: 82)
[Webpacker] Everything's up-to-date. Nothing to do
  [1m[36mUser Load (0.6ms)[0m  [1m[34mSELECT "users".* FROM "users" WHERE "users"."id" = $1 ORDER BY "users"."id" ASC LIMIT $2[0m  [["id", 1], ["LIMIT", 1]]
  ↳ app/views/shared/_navbar.html.erb:14
  Rendered shared/_navbar.html.erb (Duration: 361.3ms | Allocations: 178457)
Completed 500 Internal Server Error in 387ms (ActiveRecord: 0.6ms | Allocations: 190173)


  
ActionView::Template::Error (undefined local variable or method `user_path' for #<#<Class:0x00007fc0628c44f0>:0x00007fc0628ceb08>):
    22:             <%= image_tag ("user/therock.jpg"), class: "avatar dropdown-toggle", id: "navbarDropdown", data: { toggle: "dropdown" }, 'aria-haspopup': true, 'aria-expanded': false %>
    23:             <div class="dropdown-menu dropdown-menu-right" aria-labelledby="navbarDropdown">
    24:               <%= link_to "Action", "#", class: "dropdown-item" %>
    25:               <%= link_to "Another action", user_path, class: "dropdown-item" %>
    26:               <%= link_to "Log out", destroy_user_session_path, method: :delete, class: "dropdown-item" %>
    27:             </div>
    28:           </li>
  
app/views/shared/_navbar.html.erb:25
app/views/layouts/application.html.erb:15
Started GET "/" for ::1 at 2021-06-24 12:02:48 -0300
Processing by PagesController#home as HTML
  Rendering pages/home.html.erb within layouts/application
  Rendered pages/home.html.erb within layouts/application (Duration: 2.7ms | Allocations: 83)
[Webpacker] Everything's up-to-date. Nothing to do
  [1m[36mUser Load (0.3ms)[0m  [1m[34mSELECT "users".* FROM "users" WHERE "users"."id" = $1 ORDER BY "users"."id" ASC LIMIT $2[0m  [["id", 1], ["LIMIT", 1]]
  ↳ app/views/shared/_navbar.html.erb:14
  Rendered shared/_navbar.html.erb (Duration: 13.6ms | Allocations: 2463)
  Rendered shared/_flashes.html.erb (Duration: 0.6ms | Allocations: 211)
Completed 200 OK in 74ms (Views: 71.7ms | ActiveRecord: 0.3ms | Allocations: 14637)


Started GET "/" for ::1 at 2021-06-24 12:02:50 -0300
Processing by PagesController#home as HTML
  Rendering pages/home.html.erb within layouts/application
  Rendered pages/home.html.erb within layouts/application (Duration: 0.0ms | Allocations: 4)
[Webpacker] Everything's up-to-date. Nothing to do
  [1m[36mUser Load (0.3ms)[0m  [1m[34mSELECT "users".* FROM "users" WHERE "users"."id" = $1 ORDER BY "users"."id" ASC LIMIT $2[0m  [["id", 1], ["LIMIT", 1]]
  ↳ app/views/shared/_navbar.html.erb:14
  Rendered shared/_navbar.html.erb (Duration: 3.3ms | Allocations: 2081)
  Rendered shared/_flashes.html.erb (Duration: 0.0ms | Allocations: 21)
Completed 200 OK in 21ms (Views: 20.4ms | ActiveRecord: 0.3ms | Allocations: 12645)


Started DELETE "/users/sign_out" for ::1 at 2021-06-24 12:02:53 -0300
Processing by Devise::SessionsController#destroy as HTML
  Parameters: {"authenticity_token"=>"ZcrLtLY4P5Aee/CxLIIBZ+w81kIgsPogHXHg9cCzPzFRSJXV1wlcdJ4ZI1OMvwjfp273ONj7EpZ3W12gLXjWAQ=="}
  [1m[36mUser Load (0.3ms)[0m  [1m[34mSELECT "users".* FROM "users" WHERE "users"."id" = $1 ORDER BY "users"."id" ASC LIMIT $2[0m  [["id", 1], ["LIMIT", 1]]
Redirected to http://localhost:3000/
Completed 302 Found in 16ms (ActiveRecord: 0.3ms | Allocations: 5386)


Started GET "/" for ::1 at 2021-06-24 12:02:53 -0300
Processing by PagesController#home as HTML
  Rendering pages/home.html.erb within layouts/application
  Rendered pages/home.html.erb within layouts/application (Duration: 0.1ms | Allocations: 5)
[Webpacker] Everything's up-to-date. Nothing to do
  Rendered shared/_navbar.html.erb (Duration: 3.1ms | Allocations: 624)
  Rendered shared/_flashes.html.erb (Duration: 0.1ms | Allocations: 26)
Completed 200 OK in 19ms (Views: 18.7ms | ActiveRecord: 0.0ms | Allocations: 11194)


Started GET "/users/sign_in" for ::1 at 2021-06-24 12:02:57 -0300
Processing by Devise::SessionsController#new as HTML
  Rendering devise/sessions/new.html.erb within layouts/application
  Rendered devise/shared/_links.html.erb (Duration: 1.1ms | Allocations: 612)
  Rendered devise/sessions/new.html.erb within layouts/application (Duration: 51.0ms | Allocations: 15629)
[Webpacker] Everything's up-to-date. Nothing to do
  Rendered shared/_navbar.html.erb (Duration: 1.2ms | Allocations: 578)
  Rendered shared/_flashes.html.erb (Duration: 0.1ms | Allocations: 23)
Completed 200 OK in 76ms (Views: 75.3ms | ActiveRecord: 0.0ms | Allocations: 27976)


Started GET "/users/sign_up" for ::1 at 2021-06-24 12:02:59 -0300
Processing by Devise::RegistrationsController#new as HTML
  Rendering devise/registrations/new.html.erb within layouts/application
  Rendered devise/shared/_links.html.erb (Duration: 0.3ms | Allocations: 124)
  Rendered devise/registrations/new.html.erb within layouts/application (Duration: 17.9ms | Allocations: 6648)
[Webpacker] Everything's up-to-date. Nothing to do
  Rendered shared/_navbar.html.erb (Duration: 1.0ms | Allocations: 578)
  Rendered shared/_flashes.html.erb (Duration: 0.1ms | Allocations: 23)
Completed 200 OK in 43ms (Views: 41.0ms | ActiveRecord: 0.0ms | Allocations: 18662)


  [1m[35m (4.1ms)[0m  [1m[34mSELECT COUNT(*) FROM "users"[0m
Started GET "/users/sign_up" for ::1 at 2021-06-24 12:15:28 -0300
Processing by Devise::RegistrationsController#new as HTML
  Rendering devise/registrations/new.html.erb within layouts/application
  Rendered devise/shared/_links.html.erb (Duration: 0.2ms | Allocations: 91)
  Rendered devise/registrations/new.html.erb within layouts/application (Duration: 9.6ms | Allocations: 6095)
[Webpacker] Everything's up-to-date. Nothing to do
  Rendered shared/_navbar.html.erb (Duration: 1.0ms | Allocations: 584)
  Rendered shared/_flashes.html.erb (Duration: 0.1ms | Allocations: 23)
Completed 200 OK in 36ms (Views: 27.8ms | ActiveRecord: 0.0ms | Allocations: 22666)


Started GET "/users/sign_in" for ::1 at 2021-06-24 12:15:34 -0300
Processing by Devise::SessionsController#new as HTML
  Rendering devise/sessions/new.html.erb within layouts/application
  Rendered devise/shared/_links.html.erb (Duration: 0.5ms | Allocations: 147)
  Rendered devise/sessions/new.html.erb within layouts/application (Duration: 16.9ms | Allocations: 7823)
[Webpacker] Everything's up-to-date. Nothing to do
  Rendered shared/_navbar.html.erb (Duration: 1.1ms | Allocations: 578)
  Rendered shared/_flashes.html.erb (Duration: 0.1ms | Allocations: 23)
Completed 200 OK in 39ms (Views: 36.6ms | ActiveRecord: 0.0ms | Allocations: 19362)


Started POST "/users/sign_in" for ::1 at 2021-06-24 12:15:38 -0300
Processing by Devise::SessionsController#create as HTML
  Parameters: {"authenticity_token"=>"iADeMw/uo9iEaP6MOFa5ULml0fbAW1nb9Dp+SWxvb/tNo1equdMMrcRcL9BFiHB+bjPA0WIH4LJx0WcXnx+N6A==", "user"=>{"email"=>"", "password"=>"[FILTERED]", "remember_me"=>"0"}, "commit"=>"Log in"}
Completed 401 Unauthorized in 3ms (ActiveRecord: 0.0ms | Allocations: 452)


Processing by Devise::SessionsController#new as HTML
  Parameters: {"authenticity_token"=>"iADeMw/uo9iEaP6MOFa5ULml0fbAW1nb9Dp+SWxvb/tNo1equdMMrcRcL9BFiHB+bjPA0WIH4LJx0WcXnx+N6A==", "user"=>{"email"=>"", "password"=>"[FILTERED]", "remember_me"=>"0"}, "commit"=>"Log in"}
  Rendering devise/sessions/new.html.erb within layouts/application
  Rendered devise/shared/_links.html.erb (Duration: 0.3ms | Allocations: 134)
  Rendered devise/sessions/new.html.erb within layouts/application (Duration: 21.1ms | Allocations: 7850)
[Webpacker] Everything's up-to-date. Nothing to do
  Rendered shared/_navbar.html.erb (Duration: 1.5ms | Allocations: 560)
  Rendered shared/_flashes.html.erb (Duration: 0.0ms | Allocations: 15)
Completed 200 OK in 59ms (Views: 57.6ms | ActiveRecord: 0.0ms | Allocations: 19038)


Started GET "/users/sign_in" for ::1 at 2021-06-24 13:14:16 -0300
Processing by Devise::SessionsController#new as HTML
  Rendering devise/sessions/new.html.erb within layouts/application
  Rendered devise/shared/_links.html.erb (Duration: 1.7ms | Allocations: 520)
  Rendered devise/sessions/new.html.erb within layouts/application (Duration: 15.2ms | Allocations: 8597)
[Webpacker] Everything's up-to-date. Nothing to do
  Rendered shared/_navbar.html.erb (Duration: 5.2ms | Allocations: 944)
  Rendered shared/_flashes.html.erb (Duration: 2.1ms | Allocations: 204)
Completed 200 OK in 98ms (Views: 96.5ms | ActiveRecord: 0.0ms | Allocations: 22115)


Started GET "/users/sign_in" for ::1 at 2021-06-24 13:23:10 -0300
Processing by Devise::SessionsController#new as HTML
  Rendering devise/sessions/new.html.erb within layouts/application
  Rendered devise/shared/_links.html.erb (Duration: 2.6ms | Allocations: 520)
  Rendered devise/sessions/new.html.erb within layouts/application (Duration: 50.4ms | Allocations: 8592)
[Webpacker] Everything's up-to-date. Nothing to do
  Rendered shared/_navbar.html.erb (Duration: 6.2ms | Allocations: 944)
  Rendered shared/_flashes.html.erb (Duration: 1.2ms | Allocations: 204)
Completed 200 OK in 129ms (Views: 118.6ms | ActiveRecord: 0.0ms | Allocations: 22092)


Started GET "/users/sign_in" for ::1 at 2021-06-24 13:23:53 -0300
Processing by Devise::SessionsController#new as HTML
  Rendering devise/sessions/new.html.erb within layouts/application
  Rendered devise/shared/_links.html.erb (Duration: 78.5ms | Allocations: 1368)
  Rendered devise/sessions/new.html.erb within layouts/application (Duration: 115.8ms | Allocations: 9443)
Completed 500 Internal Server Error in 125ms (ActiveRecord: 0.0ms | Allocations: 11296)


  
ActionView::SyntaxErrorInTemplate (Encountered a syntax error while rendering template: check <%- if controller_name != 'sessions' %>
  <%= link_to "Log in", new_session_path(resource_name) %><br />
<% end %>

<%- if devise_mapping.registerable? && controller_name != 'registrations' %>
  <%= link_to "Sign up", class: 'btn btn-primary', new_registration_path(resource_name) %><br />
<% end %>

<%- if devise_mapping.recoverable? && controller_name != 'passwords' && controller_name != 'registrations' %>
  <%= link_to "Forgot your password?", new_password_path(resource_name) %><br />
<% end %>

<%- if devise_mapping.confirmable? && controller_name != 'confirmations' %>
  <%= link_to "Didn't receive confirmation instructions?", new_confirmation_path(resource_name) %><br />
<% end %>

<%- if devise_mapping.lockable? && resource_class.unlock_strategy_enabled?(:email) && controller_name != 'unlocks' %>
  <%= link_to "Didn't receive unlock instructions?", new_unlock_path(resource_name) %><br />
<% end %>

<%- if devise_mapping.omniauthable? %>
  <%- resource_class.omniauth_providers.each do |provider| %>
    <%= link_to "Sign in with #{OmniAuth::Utils.camelize(provider)}", omniauth_authorize_path(resource_name, provider), method: :post %><br />
  <% end %>
<% end %>

):
1:    <%- if controller_name != 'sessions' %>
2:      <%= link_to "Log in", new_session_path(resource_name) %><br />
3:    <% end %>
4:    
5:    <%- if devise_mapping.registerable? && controller_name != 'registrations' %>
6:      <%= link_to "Sign up", class: 'btn btn-primary', new_registration_path(resource_name) %><br />
7:    <% end %>
8:    
9:    <%- if devise_mapping.recoverable? && controller_name != 'passwords' && controller_name != 'registrations' %>
10:      <%= link_to "Forgot your password?", new_password_path(resource_name) %><br />
11:    <% end %>
12:    
13:    <%- if devise_mapping.confirmable? && controller_name != 'confirmations' %>
14:      <%= link_to "Didn't receive confirmation instructions?", new_confirmation_path(resource_name) %><br />
15:    <% end %>
16:    
17:    <%- if devise_mapping.lockable? && resource_class.unlock_strategy_enabled?(:email) && controller_name != 'unlocks' %>
18:      <%= link_to "Didn't receive unlock instructions?", new_unlock_path(resource_name) %><br />
19:    <% end %>
20:    
21:    <%- if devise_mapping.omniauthable? %>
22:      <%- resource_class.omniauth_providers.each do |provider| %>
23:        <%= link_to "Sign in with #{OmniAuth::Utils.camelize(provider)}", omniauth_authorize_path(resource_name, provider), method: :post %><br />
24:      <% end %>
25:    <% end %>
  
app/views/devise/shared/_links.html.erb:6: syntax error, unexpected ')', expecting =>
app/views/devise/shared/_links.html.erb:7: syntax error, unexpected end, expecting ')'
app/views/devise/shared/_links.html.erb:27: syntax error, unexpected end, expecting ')'
app/views/devise/shared/_links.html.erb:6: syntax error, unexpected ')', expecting =>
app/views/devise/shared/_links.html.erb:7: syntax error, unexpected end, expecting ')'
app/views/devise/shared/_links.html.erb:27: syntax error, unexpected end, expecting ')'
app/views/devise/shared/_links.html.erb:6: syntax error, unexpected ')', expecting =>
app/views/devise/shared/_links.html.erb:7: syntax error, unexpected end, expecting ')'
app/views/devise/shared/_links.html.erb:27: syntax error, unexpected end, expecting ')'
app/views/devise/shared/_links.html.erb:6: syntax error, unexpected ')', expecting =>
app/views/devise/shared/_links.html.erb:7: syntax error, unexpected end, expecting ')'
app/views/devise/shared/_links.html.erb:27: syntax error, unexpected end, expecting ')'
app/views/devise/shared/_links.html.erb:6: syntax error, unexpected ')', expecting =>
app/views/devise/shared/_links.html.erb:7: syntax error, unexpected end, expecting ')'
app/views/devise/shared/_links.html.erb:27: syntax error, unexpected end, expecting ')'
app/views/devise/shared/_links.html.erb:6: syntax error, unexpected ')', expecting =>
app/views/devise/shared/_links.html.erb:7: syntax error, unexpected end, expecting ')'
app/views/devise/shared/_links.html.erb:27: syntax error, unexpected end, expecting ')'
app/views/devise/sessions/new.html.erb:20
Started GET "/users/sign_in" for ::1 at 2021-06-24 13:24:33 -0300
Processing by Devise::SessionsController#new as HTML
  Rendering devise/sessions/new.html.erb within layouts/application
  Rendered devise/shared/_links.html.erb (Duration: 0.8ms | Allocations: 520)
  Rendered devise/sessions/new.html.erb within layouts/application (Duration: 26.1ms | Allocations: 8611)
[Webpacker] Everything's up-to-date. Nothing to do
  Rendered shared/_navbar.html.erb (Duration: 1.5ms | Allocations: 944)
  Rendered shared/_flashes.html.erb (Duration: 0.5ms | Allocations: 204)
Completed 200 OK in 49ms (Views: 48.4ms | ActiveRecord: 0.0ms | Allocations: 22126)


Started GET "/users/sign_in" for ::1 at 2021-06-24 13:26:09 -0300
Processing by Devise::SessionsController#new as HTML
  Rendering devise/sessions/new.html.erb within layouts/application
  Rendered devise/shared/_links.html.erb (Duration: 1.6ms | Allocations: 1375)
  Rendered devise/sessions/new.html.erb within layouts/application (Duration: 57.4ms | Allocations: 9466)
Completed 500 Internal Server Error in 70ms (ActiveRecord: 0.0ms | Allocations: 11325)


  
ActionView::SyntaxErrorInTemplate (Encountered a syntax error while rendering template: check <%- if controller_name != 'sessions' %>
  <%= link_to "Log in", class: 'btn btn-primary' new_session_path(resource_name) %><br />
<% end %>

<%- if devise_mapping.registerable? && controller_name != 'registrations' %>
  <%= link_to "Sign up", new_registration_path(resource_name) %><br />
<% end %>

<%- if devise_mapping.recoverable? && controller_name != 'passwords' && controller_name != 'registrations' %>
  <%= link_to "Forgot your password?", new_password_path(resource_name) %><br />
<% end %>

<%- if devise_mapping.confirmable? && controller_name != 'confirmations' %>
  <%= link_to "Didn't receive confirmation instructions?", new_confirmation_path(resource_name) %><br />
<% end %>

<%- if devise_mapping.lockable? && resource_class.unlock_strategy_enabled?(:email) && controller_name != 'unlocks' %>
  <%= link_to "Didn't receive unlock instructions?", new_unlock_path(resource_name) %><br />
<% end %>

<%- if devise_mapping.omniauthable? %>
  <%- resource_class.omniauth_providers.each do |provider| %>
    <%= link_to "Sign in with #{OmniAuth::Utils.camelize(provider)}", omniauth_authorize_path(resource_name, provider), method: :post %><br />
  <% end %>
<% end %>

):
1:    <%- if controller_name != 'sessions' %>
2:      <%= link_to "Log in", class: 'btn btn-primary' new_session_path(resource_name) %><br />
3:    <% end %>
4:    
5:    <%- if devise_mapping.registerable? && controller_name != 'registrations' %>
6:      <%= link_to "Sign up", new_registration_path(resource_name) %><br />
7:    <% end %>
8:    
9:    <%- if devise_mapping.recoverable? && controller_name != 'passwords' && controller_name != 'registrations' %>
10:      <%= link_to "Forgot your password?", new_password_path(resource_name) %><br />
11:    <% end %>
12:    
13:    <%- if devise_mapping.confirmable? && controller_name != 'confirmations' %>
14:      <%= link_to "Didn't receive confirmation instructions?", new_confirmation_path(resource_name) %><br />
15:    <% end %>
16:    
17:    <%- if devise_mapping.lockable? && resource_class.unlock_strategy_enabled?(:email) && controller_name != 'unlocks' %>
18:      <%= link_to "Didn't receive unlock instructions?", new_unlock_path(resource_name) %><br />
19:    <% end %>
20:    
21:    <%- if devise_mapping.omniauthable? %>
22:      <%- resource_class.omniauth_providers.each do |provider| %>
23:        <%= link_to "Sign in with #{OmniAuth::Utils.camelize(provider)}", omniauth_authorize_path(resource_name, provider), method: :post %><br />
24:      <% end %>
25:    <% end %>
  
app/views/devise/shared/_links.html.erb:2: syntax error, unexpected tIDENTIFIER, expecting ')'
app/views/devise/shared/_links.html.erb:2: syntax error, unexpected tIDENTIFIER, expecting ')'
app/views/devise/shared/_links.html.erb:2: syntax error, unexpected tIDENTIFIER, expecting ')'
app/views/devise/shared/_links.html.erb:2: syntax error, unexpected tIDENTIFIER, expecting ')'
app/views/devise/shared/_links.html.erb:2: syntax error, unexpected tIDENTIFIER, expecting ')'
app/views/devise/shared/_links.html.erb:2: syntax error, unexpected tIDENTIFIER, expecting ')'
app/views/devise/sessions/new.html.erb:20
Started GET "/users/sign_in" for ::1 at 2021-06-24 13:28:26 -0300
Processing by Devise::SessionsController#new as HTML
  Rendering devise/sessions/new.html.erb within layouts/application
  Rendered devise/shared/_links.html.erb (Duration: 0.9ms | Allocations: 530)
  Rendered devise/sessions/new.html.erb within layouts/application (Duration: 26.0ms | Allocations: 8621)
[Webpacker] Everything's up-to-date. Nothing to do
  Rendered shared/_navbar.html.erb (Duration: 3.6ms | Allocations: 944)
  Rendered shared/_flashes.html.erb (Duration: 0.8ms | Allocations: 204)
Completed 200 OK in 95ms (Views: 87.8ms | ActiveRecord: 0.0ms | Allocations: 22142)


Started GET "/users/sign_in" for ::1 at 2021-06-24 13:28:48 -0300
Processing by Devise::SessionsController#new as HTML
  Rendering devise/sessions/new.html.erb within layouts/application
  Rendered devise/shared/_links.html.erb (Duration: 3.5ms | Allocations: 532)
  Rendered devise/sessions/new.html.erb within layouts/application (Duration: 54.7ms | Allocations: 8604)
[Webpacker] Everything's up-to-date. Nothing to do
  Rendered shared/_navbar.html.erb (Duration: 6.4ms | Allocations: 944)
  Rendered shared/_flashes.html.erb (Duration: 0.5ms | Allocations: 204)
Completed 200 OK in 144ms (Views: 140.1ms | ActiveRecord: 0.0ms | Allocations: 22122)


Started GET "/users/sign_in" for ::1 at 2021-06-24 13:30:45 -0300
Processing by Devise::SessionsController#new as HTML
  Rendering devise/sessions/new.html.erb within layouts/application
  Rendered devise/shared/_links.html.erb (Duration: 1.7ms | Allocations: 533)
  Rendered devise/sessions/new.html.erb within layouts/application (Duration: 18.1ms | Allocations: 8599)
[Webpacker] Everything's up-to-date. Nothing to do
  Rendered shared/_navbar.html.erb (Duration: 1.6ms | Allocations: 950)
  Rendered shared/_flashes.html.erb (Duration: 0.4ms | Allocations: 204)
Completed 200 OK in 66ms (Views: 64.2ms | ActiveRecord: 0.0ms | Allocations: 22118)


Started GET "/users/sign_in" for ::1 at 2021-06-24 13:31:07 -0300
Processing by Devise::SessionsController#new as HTML
  Rendering devise/sessions/new.html.erb within layouts/application
  Rendered devise/sessions/new.html.erb within layouts/application (Duration: 10.1ms | Allocations: 1189)
Completed 500 Internal Server Error in 19ms (ActiveRecord: 0.0ms | Allocations: 3047)


  
ActionView::SyntaxErrorInTemplate (Encountered a syntax error while rendering template: check <h2>Log in</h2>

<%= simple_form_for(resource, as: resource_name, url: session_path(resource_name)) do |f| %>
  <div class="form-inputs">
    <%= f.input :email,
                required: false,
                autofocus: true,
                input_html: { autocomplete: "email" } %>
    <%= f.input :password,
                required: false,
                input_html: { autocomplete: "current-password" } %>
    <%= f.input :remember_me, as: :boolean if devise_mapping.rememberable? %>
  </div>

  <div class="form-actions">
    <%= f.button :submit, "Log in", class: 'btn btn-outline-primary %>
  </div>
<% end %>

<%= render "devise/shared/links" %>

):
1:    <h2>Log in</h2>
2:    
3:    <%= simple_form_for(resource, as: resource_name, url: session_path(resource_name)) do |f| %>
4:      <div class="form-inputs">
5:        <%= f.input :email,
6:                    required: false,
7:                    autofocus: true,
8:                    input_html: { autocomplete: "email" } %>
9:        <%= f.input :password,
10:                    required: false,
11:                    input_html: { autocomplete: "current-password" } %>
12:        <%= f.input :remember_me, as: :boolean if devise_mapping.rememberable? %>
13:      </div>
14:    
15:      <div class="form-actions">
16:        <%= f.button :submit, "Log in", class: 'btn btn-outline-primary %>
17:      </div>
18:    <% end %>
19:    
20:    <%= render "devise/shared/links" %>
  
app/views/devise/sessions/new.html.erb:17: syntax error, unexpected '<', expecting ')'
app/views/devise/sessions/new.html.erb:20: unknown regexp options - hard
app/views/devise/sessions/new.html.erb:20: end pattern with unmatched parenthesis: /div>
app/views/devise/sessions/new.html.erb:20: syntax error, unexpected tSTRING_BEG, expecting do or '{' or '('
app/views/devise/sessions/new.html.erb:23: unterminated string meets end of file
app/views/devise/sessions/new.html.erb:23: syntax error, unexpected end-of-input, expecting ')'
app/views/devise/sessions/new.html.erb:17: syntax error, unexpected '<', expecting ')'
app/views/devise/sessions/new.html.erb:20: unknown regexp options - hard
app/views/devise/sessions/new.html.erb:20: end pattern with unmatched parenthesis: /div>
app/views/devise/sessions/new.html.erb:20: syntax error, unexpected tSTRING_BEG, expecting do or '{' or '('
app/views/devise/sessions/new.html.erb:23: unterminated string meets end of file
app/views/devise/sessions/new.html.erb:23: syntax error, unexpected end-of-input, expecting ')'
app/views/devise/sessions/new.html.erb:17: syntax error, unexpected '<', expecting ')'
app/views/devise/sessions/new.html.erb:20: unknown regexp options - hard
app/views/devise/sessions/new.html.erb:20: end pattern with unmatched parenthesis: /div>
app/views/devise/sessions/new.html.erb:20: syntax error, unexpected tSTRING_BEG, expecting do or '{' or '('
app/views/devise/sessions/new.html.erb:23: unterminated string meets end of file
app/views/devise/sessions/new.html.erb:23: syntax error, unexpected end-of-input, expecting ')'
app/views/devise/sessions/new.html.erb:17: syntax error, unexpected '<', expecting ')'
app/views/devise/sessions/new.html.erb:20: unknown regexp options - hard
app/views/devise/sessions/new.html.erb:20: end pattern with unmatched parenthesis: /div>
app/views/devise/sessions/new.html.erb:20: syntax error, unexpected tSTRING_BEG, expecting do or '{' or '('
app/views/devise/sessions/new.html.erb:23: unterminated string meets end of file
app/views/devise/sessions/new.html.erb:23: syntax error, unexpected end-of-input, expecting ')'
app/views/devise/sessions/new.html.erb:17: syntax error, unexpected '<', expecting ')'
app/views/devise/sessions/new.html.erb:20: unknown regexp options - hard
app/views/devise/sessions/new.html.erb:20: end pattern with unmatched parenthesis: /div>
app/views/devise/sessions/new.html.erb:20: syntax error, unexpected tSTRING_BEG, expecting do or '{' or '('
app/views/devise/sessions/new.html.erb:23: unterminated string meets end of file
app/views/devise/sessions/new.html.erb:23: syntax error, unexpected end-of-input, expecting ')'
app/views/devise/sessions/new.html.erb:17: syntax error, unexpected '<', expecting ')'
app/views/devise/sessions/new.html.erb:20: unknown regexp options - hard
app/views/devise/sessions/new.html.erb:20: end pattern with unmatched parenthesis: /div>
app/views/devise/sessions/new.html.erb:20: syntax error, unexpected tSTRING_BEG, expecting do or '{' or '('
app/views/devise/sessions/new.html.erb:23: unterminated string meets end of file
app/views/devise/sessions/new.html.erb:23: syntax error, unexpected end-of-input, expecting ')'
Started GET "/users/sign_in" for ::1 at 2021-06-24 13:33:04 -0300
Processing by Devise::SessionsController#new as HTML
  Rendering devise/sessions/new.html.erb within layouts/application
  Rendered devise/shared/_links.html.erb (Duration: 1.2ms | Allocations: 532)
  Rendered devise/sessions/new.html.erb within layouts/application (Duration: 20.2ms | Allocations: 8624)
[Webpacker] Everything's up-to-date. Nothing to do
  Rendered shared/_navbar.html.erb (Duration: 2.1ms | Allocations: 944)
  Rendered shared/_flashes.html.erb (Duration: 0.7ms | Allocations: 204)
Completed 200 OK in 45ms (Views: 44.2ms | ActiveRecord: 0.0ms | Allocations: 22135)


Started GET "/users/sign_in" for ::1 at 2021-06-24 13:33:49 -0300
Processing by Devise::SessionsController#new as HTML
  Rendering devise/sessions/new.html.erb within layouts/application
  Rendered devise/shared/_links.html.erb (Duration: 0.9ms | Allocations: 542)
  Rendered devise/sessions/new.html.erb within layouts/application (Duration: 20.5ms | Allocations: 8615)
[Webpacker] Everything's up-to-date. Nothing to do
  Rendered shared/_navbar.html.erb (Duration: 1.9ms | Allocations: 944)
  Rendered shared/_flashes.html.erb (Duration: 0.4ms | Allocations: 204)
Completed 200 OK in 71ms (Views: 69.6ms | ActiveRecord: 0.0ms | Allocations: 22117)


Started GET "/users/sign_in" for ::1 at 2021-06-24 13:36:25 -0300
Processing by Devise::SessionsController#new as HTML
  Rendering devise/sessions/new.html.erb within layouts/application
  Rendered devise/shared/_links.html.erb (Duration: 1.1ms | Allocations: 543)
  Rendered devise/sessions/new.html.erb within layouts/application (Duration: 22.2ms | Allocations: 8617)
[Webpacker] Everything's up-to-date. Nothing to do
  Rendered shared/_navbar.html.erb (Duration: 9.7ms | Allocations: 950)
  Rendered shared/_flashes.html.erb (Duration: 1.2ms | Allocations: 204)
Completed 200 OK in 91ms (Views: 87.4ms | ActiveRecord: 0.0ms | Allocations: 22146)


Started GET "/users/sign_in" for ::1 at 2021-06-24 13:36:45 -0300
Processing by Devise::SessionsController#new as HTML
  Rendering devise/sessions/new.html.erb within layouts/application
  Rendered devise/shared/_links.html.erb (Duration: 4.9ms | Allocations: 543)
  Rendered devise/sessions/new.html.erb within layouts/application (Duration: 19.1ms | Allocations: 8635)
[Webpacker] Everything's up-to-date. Nothing to do
  Rendered shared/_navbar.html.erb (Duration: 2.8ms | Allocations: 944)
  Rendered shared/_flashes.html.erb (Duration: 0.6ms | Allocations: 204)
Completed 200 OK in 49ms (Views: 47.6ms | ActiveRecord: 0.0ms | Allocations: 22155)


Started GET "/users/sign_in" for ::1 at 2021-06-24 13:37:19 -0300
Processing by Devise::SessionsController#new as HTML
  Rendering devise/sessions/new.html.erb within layouts/application
  Rendered devise/shared/_links.html.erb (Duration: 0.8ms | Allocations: 542)
  Rendered devise/sessions/new.html.erb within layouts/application (Duration: 19.5ms | Allocations: 8615)
[Webpacker] Everything's up-to-date. Nothing to do
  Rendered shared/_navbar.html.erb (Duration: 3.1ms | Allocations: 944)
  Rendered shared/_flashes.html.erb (Duration: 0.7ms | Allocations: 204)
Completed 200 OK in 65ms (Views: 63.5ms | ActiveRecord: 0.0ms | Allocations: 22117)


Started GET "/users/sign_in" for ::1 at 2021-06-24 13:37:39 -0300
Processing by Devise::SessionsController#new as HTML
  Rendering devise/sessions/new.html.erb within layouts/application
  Rendered devise/shared/_links.html.erb (Duration: 0.8ms | Allocations: 542)
  Rendered devise/sessions/new.html.erb within layouts/application (Duration: 16.2ms | Allocations: 8616)
[Webpacker] Everything's up-to-date. Nothing to do
  Rendered shared/_navbar.html.erb (Duration: 2.5ms | Allocations: 944)
  Rendered shared/_flashes.html.erb (Duration: 0.8ms | Allocations: 204)
Completed 200 OK in 48ms (Views: 46.3ms | ActiveRecord: 0.0ms | Allocations: 22126)


Started GET "/users/sign_in" for ::1 at 2021-06-24 13:38:07 -0300
Processing by Devise::SessionsController#new as HTML
  Rendering devise/sessions/new.html.erb within layouts/application
  Rendered devise/shared/_links.html.erb (Duration: 5.7ms | Allocations: 542)
  Rendered devise/sessions/new.html.erb within layouts/application (Duration: 30.7ms | Allocations: 8615)
[Webpacker] Everything's up-to-date. Nothing to do
  Rendered shared/_navbar.html.erb (Duration: 1.8ms | Allocations: 944)
  Rendered shared/_flashes.html.erb (Duration: 0.4ms | Allocations: 204)
Completed 200 OK in 83ms (Views: 81.7ms | ActiveRecord: 0.0ms | Allocations: 22139)


Started POST "/users/sign_in" for ::1 at 2021-06-24 13:38:21 -0300
Processing by Devise::SessionsController#create as HTML
  Parameters: {"authenticity_token"=>"liavDYEDWVTN9a6YDj/7DD5ymLT3gmNfx743tx56COMcNmk5r9oywe2S+JFoAENmrSQ38V0LP6tlxYp8NpxvIw==", "user"=>{"email"=>"email@email.com", "password"=>"[FILTERED]", "remember_me"=>"1"}, "commit"=>"Log in"}
  [1m[36mUser Load (1.5ms)[0m  [1m[34mSELECT "users".* FROM "users" WHERE "users"."email" = $1 ORDER BY "users"."id" ASC LIMIT $2[0m  [["email", "email@email.com"], ["LIMIT", 1]]
  [1m[35m (0.2ms)[0m  [1m[35mBEGIN[0m
  [1m[36mUser Update (2.5ms)[0m  [1m[33mUPDATE "users" SET "remember_created_at" = $1, "updated_at" = $2 WHERE "users"."id" = $3[0m  [["remember_created_at", "2021-06-24 16:38:21.936779"], ["updated_at", "2021-06-24 16:38:21.937124"], ["id", 1]]
  [1m[35m (1.3ms)[0m  [1m[35mCOMMIT[0m
Redirected to http://localhost:3000/
Completed 302 Found in 295ms (ActiveRecord: 8.0ms | Allocations: 11273)


Started GET "/" for ::1 at 2021-06-24 13:38:21 -0300
Processing by PagesController#home as HTML
  Rendering pages/home.html.erb within layouts/application
  Rendered pages/home.html.erb within layouts/application (Duration: 0.5ms | Allocations: 82)
[Webpacker] Everything's up-to-date. Nothing to do
  [1m[36mUser Load (0.2ms)[0m  [1m[34mSELECT "users".* FROM "users" WHERE "users"."id" = $1 ORDER BY "users"."id" ASC LIMIT $2[0m  [["id", 1], ["LIMIT", 1]]
  ↳ app/views/shared/_navbar.html.erb:14
  Rendered shared/_navbar.html.erb (Duration: 4.5ms | Allocations: 2090)
  Rendered shared/_flashes.html.erb (Duration: 0.1ms | Allocations: 27)
Completed 200 OK in 40ms (Views: 38.4ms | ActiveRecord: 0.2ms | Allocations: 13435)


Started DELETE "/users/sign_out" for ::1 at 2021-06-24 13:39:23 -0300
Processing by Devise::SessionsController#destroy as HTML
  Parameters: {"authenticity_token"=>"7HqiWxgFpStejdp/QjjITaaSHSEEci8M1Ea+GKRe2Q19sHHo1p3P1J5bzgiJjwEcPKfhQq+UzDcVAdLmfGpvUw=="}
  [1m[36mUser Load (0.3ms)[0m  [1m[34mSELECT "users".* FROM "users" WHERE "users"."id" = $1 ORDER BY "users"."id" ASC LIMIT $2[0m  [["id", 1], ["LIMIT", 1]]
  [1m[35m (0.3ms)[0m  [1m[35mBEGIN[0m
  [1m[36mUser Update (1.9ms)[0m  [1m[33mUPDATE "users" SET "remember_created_at" = $1, "updated_at" = $2 WHERE "users"."id" = $3[0m  [["remember_created_at", nil], ["updated_at", "2021-06-24 16:39:23.874787"], ["id", 1]]
  [1m[35m (41.0ms)[0m  [1m[35mCOMMIT[0m
Redirected to http://localhost:3000/
Completed 302 Found in 58ms (ActiveRecord: 43.5ms | Allocations: 6361)


Started GET "/" for ::1 at 2021-06-24 13:39:23 -0300
Processing by PagesController#home as HTML
  Rendering pages/home.html.erb within layouts/application
  Rendered pages/home.html.erb within layouts/application (Duration: 0.0ms | Allocations: 4)
[Webpacker] Everything's up-to-date. Nothing to do
  Rendered shared/_navbar.html.erb (Duration: 1.0ms | Allocations: 609)
  Rendered shared/_flashes.html.erb (Duration: 0.1ms | Allocations: 26)
Completed 200 OK in 19ms (Views: 18.7ms | ActiveRecord: 0.0ms | Allocations: 11168)


Started GET "/users/sign_in" for ::1 at 2021-06-24 13:39:26 -0300
Processing by Devise::SessionsController#new as HTML
  Rendering devise/sessions/new.html.erb within layouts/application
  Rendered devise/shared/_links.html.erb (Duration: 0.2ms | Allocations: 150)
  Rendered devise/sessions/new.html.erb within layouts/application (Duration: 19.9ms | Allocations: 7903)
[Webpacker] Everything's up-to-date. Nothing to do
  Rendered shared/_navbar.html.erb (Duration: 0.9ms | Allocations: 578)
  Rendered shared/_flashes.html.erb (Duration: 0.1ms | Allocations: 23)
Completed 200 OK in 38ms (Views: 36.8ms | ActiveRecord: 0.0ms | Allocations: 19181)


Started GET "/users/sign_in" for ::1 at 2021-06-24 13:41:47 -0300
Processing by Devise::SessionsController#new as HTML
  Rendering devise/sessions/new.html.erb within layouts/application
  Rendered devise/shared/_links.html.erb (Duration: 1.3ms | Allocations: 542)
  Rendered devise/sessions/new.html.erb within layouts/application (Duration: 18.3ms | Allocations: 8650)
[Webpacker] Everything's up-to-date. Nothing to do
  Rendered shared/_navbar.html.erb (Duration: 2.0ms | Allocations: 944)
  Rendered shared/_flashes.html.erb (Duration: 0.8ms | Allocations: 204)
Completed 200 OK in 46ms (Views: 44.5ms | ActiveRecord: 0.0ms | Allocations: 22178)


Started GET "/users/sign_in" for ::1 at 2021-06-24 13:42:15 -0300
Processing by Devise::SessionsController#new as HTML
  Rendering devise/sessions/new.html.erb within layouts/application
  Rendered devise/shared/_links.html.erb (Duration: 0.8ms | Allocations: 542)
  Rendered devise/sessions/new.html.erb within layouts/application (Duration: 18.2ms | Allocations: 8641)
[Webpacker] Everything's up-to-date. Nothing to do
  Rendered shared/_navbar.html.erb (Duration: 2.2ms | Allocations: 944)
  Rendered shared/_flashes.html.erb (Duration: 0.4ms | Allocations: 204)
Completed 200 OK in 49ms (Views: 47.8ms | ActiveRecord: 0.0ms | Allocations: 22153)


Started GET "/users/sign_in" for ::1 at 2021-06-24 13:42:21 -0300
Processing by Devise::SessionsController#new as HTML
  Rendering devise/sessions/new.html.erb within layouts/application
  Rendered devise/shared/_links.html.erb (Duration: 1.8ms | Allocations: 542)
  Rendered devise/sessions/new.html.erb within layouts/application (Duration: 15.0ms | Allocations: 8641)
[Webpacker] Everything's up-to-date. Nothing to do
  Rendered shared/_navbar.html.erb (Duration: 5.1ms | Allocations: 950)
  Rendered shared/_flashes.html.erb (Duration: 0.6ms | Allocations: 204)
Completed 200 OK in 64ms (Views: 62.5ms | ActiveRecord: 0.0ms | Allocations: 22156)


  [1m[35m (0.4ms)[0m  [1m[34mSELECT pg_try_advisory_lock(389539166483990460)[0m
  [1m[35m (1.4ms)[0m  [1m[34mSELECT "schema_migrations"."version" FROM "schema_migrations" ORDER BY "schema_migrations"."version" ASC[0m
Migrating to AddNameToUser (20210624164451)
  [1m[35m (0.4ms)[0m  [1m[35mBEGIN[0m
  [1m[36mActiveRecord::SchemaMigration Create (39.9ms)[0m  [1m[32mINSERT INTO "schema_migrations" ("version") VALUES ($1) RETURNING "version"[0m  [["version", "20210624164451"]]
  [1m[35m (1.7ms)[0m  [1m[35mCOMMIT[0m
  [1m[36mActiveRecord::InternalMetadata Load (40.1ms)[0m  [1m[34mSELECT "ar_internal_metadata".* FROM "ar_internal_metadata" WHERE "ar_internal_metadata"."key" = $1 LIMIT $2[0m  [["key", "environment"], ["LIMIT", 1]]
  [1m[35m (0.3ms)[0m  [1m[34mSELECT pg_advisory_unlock(389539166483990460)[0m
  [1m[35m (1.6ms)[0m  [1m[34mSELECT "schema_migrations"."version" FROM "schema_migrations" ORDER BY "schema_migrations"."version" ASC[0m
Started GET "/users/sign_in" for ::1 at 2021-06-24 13:46:43 -0300
  [1m[35m (0.6ms)[0m  [1m[34mSELECT "schema_migrations"."version" FROM "schema_migrations" ORDER BY "schema_migrations"."version" ASC[0m
Processing by Devise::SessionsController#new as HTML
  Rendering devise/sessions/new.html.erb within layouts/application
  Rendered devise/sessions/new.html.erb within layouts/application (Duration: 3.9ms | Allocations: 1591)
Completed 500 Internal Server Error in 67ms (ActiveRecord: 5.6ms | Allocations: 10204)


  
ActionView::SyntaxErrorInTemplate (Encountered a syntax error while rendering template: check <div class="row justify-content-center">
  <div class="col-md-4">

    <h2>Log in</h2>

    <%= simple_form_for(resource, as: resource_name, url: session_path(resource_name)) do |f| %>
      <div class="form-inputs">
        <%= f.input :name,
                    required: false,
                    autofocus: true, %>
        <%= f.input :email,
                    required: false,
                    input_html: { autocomplete: "email" } %>
        <%= f.input :password,
                    required: false,
                    input_html: { autocomplete: "current-password" } %>
        <%= f.input :remember_me, as: :boolean if devise_mapping.rememberable? %>
      </div>

      <div class="form-actions">
        <%= f.button :submit, "Log in", class: 'btn btn-outline-primary mt-1 mb-1' %>
      </div>
    <% end %>

    <%= render "devise/shared/links" %>
  </div>
</div>


):
1:    <div class="row justify-content-center">
2:      <div class="col-md-4">
3:    
4:        <h2>Log in</h2>
5:    
6:        <%= simple_form_for(resource, as: resource_name, url: session_path(resource_name)) do |f| %>
7:          <div class="form-inputs">
8:            <%= f.input :name,
9:                        required: false,
10:                        autofocus: true, %>
11:            <%= f.input :email,
12:                        required: false,
13:                        input_html: { autocomplete: "email" } %>
14:            <%= f.input :password,
15:                        required: false,
16:                        input_html: { autocomplete: "current-password" } %>
17:            <%= f.input :remember_me, as: :boolean if devise_mapping.rememberable? %>
18:          </div>
19:    
20:          <div class="form-actions">
21:            <%= f.button :submit, "Log in", class: 'btn btn-outline-primary mt-1 mb-1' %>
22:          </div>
23:        <% end %>
24:    
25:        <%= render "devise/shared/links" %>
26:      </div>
27:    </div>
  
app/views/devise/sessions/new.html.erb:10: syntax error, unexpected ')'
app/views/devise/sessions/new.html.erb:23: syntax error, unexpected end, expecting ')'
app/views/devise/sessions/new.html.erb:31: syntax error, unexpected end, expecting ')'
app/views/devise/sessions/new.html.erb:10: syntax error, unexpected ')'
app/views/devise/sessions/new.html.erb:23: syntax error, unexpected end, expecting ')'
app/views/devise/sessions/new.html.erb:31: syntax error, unexpected end, expecting ')'
app/views/devise/sessions/new.html.erb:10: syntax error, unexpected ')'
app/views/devise/sessions/new.html.erb:23: syntax error, unexpected end, expecting ')'
app/views/devise/sessions/new.html.erb:31: syntax error, unexpected end, expecting ')'
app/views/devise/sessions/new.html.erb:10: syntax error, unexpected ')'
app/views/devise/sessions/new.html.erb:23: syntax error, unexpected end, expecting ')'
app/views/devise/sessions/new.html.erb:31: syntax error, unexpected end, expecting ')'
app/views/devise/sessions/new.html.erb:10: syntax error, unexpected ')'
app/views/devise/sessions/new.html.erb:23: syntax error, unexpected end, expecting ')'
app/views/devise/sessions/new.html.erb:31: syntax error, unexpected end, expecting ')'
app/views/devise/sessions/new.html.erb:10: syntax error, unexpected ')'
app/views/devise/sessions/new.html.erb:23: syntax error, unexpected end, expecting ')'
app/views/devise/sessions/new.html.erb:31: syntax error, unexpected end, expecting ')'
Started GET "/users/sign_in" for ::1 at 2021-06-24 13:47:46 -0300
Processing by Devise::SessionsController#new as HTML
  Rendering devise/sessions/new.html.erb within layouts/application
  Rendered devise/sessions/new.html.erb within layouts/application (Duration: 91.7ms | Allocations: 16228)
Completed 500 Internal Server Error in 102ms (ActiveRecord: 0.0ms | Allocations: 18111)


  
ActionView::Template::Error (undefined method `name' for #<User id: nil, email: "", created_at: nil, updated_at: nil>):
     5: 
     6:     <%= simple_form_for(resource, as: resource_name, url: session_path(resource_name)) do |f| %>
     7:       <div class="form-inputs">
     8:         <%= f.input :name,
     9:                     required: false,
    10:                     autofocus: true %>
    11: 
  
app/views/devise/sessions/new.html.erb:8
app/views/devise/sessions/new.html.erb:6
Started GET "/users/sign_in" for ::1 at 2021-06-24 13:54:52 -0300
Processing by Devise::SessionsController#new as HTML
  Rendering devise/sessions/new.html.erb within layouts/application
  Rendered devise/sessions/new.html.erb within layouts/application (Duration: 9.8ms | Allocations: 5412)
Completed 500 Internal Server Error in 14ms (ActiveRecord: 0.0ms | Allocations: 7294)


  
ActionView::Template::Error (undefined method `name' for #<User id: nil, email: "", created_at: nil, updated_at: nil>):
     5: 
     6:     <%= simple_form_for(resource, as: resource_name, url: session_path(resource_name)) do |f| %>
     7:       <div class="form-inputs">
     8:         <%= f.input :name,
     9:                     required: false,
    10:                     autofocus: true %>
    11: 
  
app/views/devise/sessions/new.html.erb:8
app/views/devise/sessions/new.html.erb:6
  [1m[35m (0.6ms)[0m  [1m[34mSELECT "schema_migrations"."version" FROM "schema_migrations" ORDER BY "schema_migrations"."version" ASC[0m
  [1m[35m (0.2ms)[0m  [1m[34mSELECT "schema_migrations"."version" FROM "schema_migrations" ORDER BY "schema_migrations"."version" ASC[0m
  [1m[35m (0.2ms)[0m  [1m[34mSELECT "schema_migrations"."version" FROM "schema_migrations" ORDER BY "schema_migrations"."version" ASC[0m
  [1m[35m (0.2ms)[0m  [1m[34mSELECT pg_try_advisory_lock(389539166483990460)[0m
  [1m[35m (0.5ms)[0m  [1m[34mSELECT "schema_migrations"."version" FROM "schema_migrations" ORDER BY "schema_migrations"."version" ASC[0m
Migrating to AddNameToUser (20210624164451)
  [1m[35m (0.2ms)[0m  [1m[35mBEGIN[0m
  [1m[36mActiveRecord::SchemaMigration Destroy (0.5ms)[0m  [1m[31mDELETE FROM "schema_migrations" WHERE "schema_migrations"."version" = $1[0m  [["version", "20210624164451"]]
  [1m[35m (42.2ms)[0m  [1m[35mCOMMIT[0m
  [1m[35m (0.4ms)[0m  [1m[34mSELECT pg_advisory_unlock(389539166483990460)[0m
  [1m[35m (0.6ms)[0m  [1m[34mSELECT "schema_migrations"."version" FROM "schema_migrations" ORDER BY "schema_migrations"."version" ASC[0m
  [1m[35m (0.2ms)[0m  [1m[34mSELECT pg_try_advisory_lock(389539166483990460)[0m
  [1m[35m (0.6ms)[0m  [1m[34mSELECT "schema_migrations"."version" FROM "schema_migrations" ORDER BY "schema_migrations"."version" ASC[0m
Migrating to AddNameToUser (20210624164451)
  [1m[35m (0.2ms)[0m  [1m[35mBEGIN[0m
  [1m[36mActiveRecord::SchemaMigration Create (0.4ms)[0m  [1m[32mINSERT INTO "schema_migrations" ("version") VALUES ($1) RETURNING "version"[0m  [["version", "20210624164451"]]
  [1m[35m (1.4ms)[0m  [1m[35mCOMMIT[0m
  [1m[36mActiveRecord::InternalMetadata Load (0.3ms)[0m  [1m[34mSELECT "ar_internal_metadata".* FROM "ar_internal_metadata" WHERE "ar_internal_metadata"."key" = $1 LIMIT $2[0m  [["key", "environment"], ["LIMIT", 1]]
  [1m[35m (0.2ms)[0m  [1m[34mSELECT pg_advisory_unlock(389539166483990460)[0m
  [1m[35m (0.6ms)[0m  [1m[34mSELECT "schema_migrations"."version" FROM "schema_migrations" ORDER BY "schema_migrations"."version" ASC[0m
  [1m[35m (0.6ms)[0m  [1m[34mSELECT "schema_migrations"."version" FROM "schema_migrations" ORDER BY "schema_migrations"."version" ASC[0m
  [1m[35m (0.2ms)[0m  [1m[34mSELECT "schema_migrations"."version" FROM "schema_migrations" ORDER BY "schema_migrations"."version" ASC[0m
  [1m[35m (0.3ms)[0m  [1m[34mSELECT "schema_migrations"."version" FROM "schema_migrations" ORDER BY "schema_migrations"."version" ASC[0m
  [1m[35m (0.2ms)[0m  [1m[34mSELECT pg_try_advisory_lock(389539166483990460)[0m
  [1m[35m (0.2ms)[0m  [1m[34mSELECT "schema_migrations"."version" FROM "schema_migrations" ORDER BY "schema_migrations"."version" ASC[0m
Migrating to AddNameToUser (20210624164451)
  [1m[35m (0.2ms)[0m  [1m[35mBEGIN[0m
  [1m[36mActiveRecord::SchemaMigration Destroy (0.4ms)[0m  [1m[31mDELETE FROM "schema_migrations" WHERE "schema_migrations"."version" = $1[0m  [["version", "20210624164451"]]
  [1m[35m (1.3ms)[0m  [1m[35mCOMMIT[0m
  [1m[35m (0.3ms)[0m  [1m[34mSELECT pg_advisory_unlock(389539166483990460)[0m
  [1m[35m (0.6ms)[0m  [1m[34mSELECT "schema_migrations"."version" FROM "schema_migrations" ORDER BY "schema_migrations"."version" ASC[0m
  [1m[35m (0.2ms)[0m  [1m[34mSELECT pg_try_advisory_lock(389539166483990460)[0m
  [1m[35m (0.7ms)[0m  [1m[34mSELECT "schema_migrations"."version" FROM "schema_migrations" ORDER BY "schema_migrations"."version" ASC[0m
  [1m[36mActiveRecord::InternalMetadata Load (0.3ms)[0m  [1m[34mSELECT "ar_internal_metadata".* FROM "ar_internal_metadata" WHERE "ar_internal_metadata"."key" = $1 LIMIT $2[0m  [["key", "environment"], ["LIMIT", 1]]
  [1m[35m (0.3ms)[0m  [1m[34mSELECT pg_advisory_unlock(389539166483990460)[0m
  [1m[35m (0.5ms)[0m  [1m[34mSELECT "schema_migrations"."version" FROM "schema_migrations" ORDER BY "schema_migrations"."version" ASC[0m
  [1m[35m (0.2ms)[0m  [1m[34mSELECT pg_try_advisory_lock(389539166483990460)[0m
  [1m[35m (0.6ms)[0m  [1m[34mSELECT "schema_migrations"."version" FROM "schema_migrations" ORDER BY "schema_migrations"."version" ASC[0m
Migrating to AddNameToUser (20210624165808)
  [1m[35m (0.1ms)[0m  [1m[35mBEGIN[0m
  [1m[35m (46.2ms)[0m  [1m[35mALTER TABLE "users" ADD "name" character varying[0m
  [1m[36mActiveRecord::SchemaMigration Create (0.5ms)[0m  [1m[32mINSERT INTO "schema_migrations" ("version") VALUES ($1) RETURNING "version"[0m  [["version", "20210624165808"]]
  [1m[35m (0.6ms)[0m  [1m[35mCOMMIT[0m
  [1m[36mActiveRecord::InternalMetadata Load (0.7ms)[0m  [1m[34mSELECT "ar_internal_metadata".* FROM "ar_internal_metadata" WHERE "ar_internal_metadata"."key" = $1 LIMIT $2[0m  [["key", "environment"], ["LIMIT", 1]]
  [1m[35m (0.4ms)[0m  [1m[34mSELECT pg_advisory_unlock(389539166483990460)[0m
  [1m[35m (0.7ms)[0m  [1m[34mSELECT "schema_migrations"."version" FROM "schema_migrations" ORDER BY "schema_migrations"."version" ASC[0m
Started GET "/users/sign_in" for ::1 at 2021-06-24 13:58:24 -0300
  [1m[35m (0.9ms)[0m  [1m[34mSELECT "schema_migrations"."version" FROM "schema_migrations" ORDER BY "schema_migrations"."version" ASC[0m
Processing by Devise::SessionsController#new as HTML
  Rendering devise/sessions/new.html.erb within layouts/application
  Rendered devise/shared/_links.html.erb (Duration: 1.0ms | Allocations: 640)
  Rendered devise/sessions/new.html.erb within layouts/application (Duration: 23.4ms | Allocations: 11657)
[Webpacker] Everything's up-to-date. Nothing to do
  Rendered shared/_navbar.html.erb (Duration: 2.1ms | Allocations: 1002)
  Rendered shared/_flashes.html.erb (Duration: 0.4ms | Allocations: 214)
Completed 200 OK in 175ms (Views: 157.5ms | ActiveRecord: 6.6ms | Allocations: 59726)


  [1m[35m (0.2ms)[0m  [1m[34mSELECT pg_try_advisory_lock(389539166483990460)[0m
  [1m[35m (0.6ms)[0m  [1m[34mSELECT "schema_migrations"."version" FROM "schema_migrations" ORDER BY "schema_migrations"."version" ASC[0m
Migrating to AddLastNameToUser (20210624165858)
  [1m[35m (0.2ms)[0m  [1m[35mBEGIN[0m
  [1m[35m (1.0ms)[0m  [1m[35mALTER TABLE "users" ADD "last_name" character varying[0m
  [1m[36mActiveRecord::SchemaMigration Create (0.3ms)[0m  [1m[32mINSERT INTO "schema_migrations" ("version") VALUES ($1) RETURNING "version"[0m  [["version", "20210624165858"]]
  [1m[35m (40.9ms)[0m  [1m[35mCOMMIT[0m
  [1m[36mActiveRecord::InternalMetadata Load (0.4ms)[0m  [1m[34mSELECT "ar_internal_metadata".* FROM "ar_internal_metadata" WHERE "ar_internal_metadata"."key" = $1 LIMIT $2[0m  [["key", "environment"], ["LIMIT", 1]]
  [1m[35m (0.3ms)[0m  [1m[34mSELECT pg_advisory_unlock(389539166483990460)[0m
  [1m[35m (0.6ms)[0m  [1m[34mSELECT "schema_migrations"."version" FROM "schema_migrations" ORDER BY "schema_migrations"."version" ASC[0m
Started GET "/users/sign_in" for ::1 at 2021-06-24 14:00:23 -0300
  [1m[35m (0.5ms)[0m  [1m[34mSELECT "schema_migrations"."version" FROM "schema_migrations" ORDER BY "schema_migrations"."version" ASC[0m
Processing by Devise::SessionsController#new as HTML
  Rendering devise/sessions/new.html.erb within layouts/application
  Rendered devise/shared/_links.html.erb (Duration: 0.9ms | Allocations: 555)
  Rendered devise/sessions/new.html.erb within layouts/application (Duration: 16.7ms | Allocations: 12130)
[Webpacker] Everything's up-to-date. Nothing to do
  Rendered shared/_navbar.html.erb (Duration: 1.9ms | Allocations: 951)
  Rendered shared/_flashes.html.erb (Duration: 0.4ms | Allocations: 204)
Completed 200 OK in 62ms (Views: 43.7ms | ActiveRecord: 6.1ms | Allocations: 32485)


Started GET "/users/sign_in" for ::1 at 2021-06-24 14:03:15 -0300
Processing by Devise::SessionsController#new as HTML
  Rendering devise/sessions/new.html.erb within layouts/application
  Rendered devise/shared/_links.html.erb (Duration: 1.0ms | Allocations: 542)
  Rendered devise/sessions/new.html.erb within layouts/application (Duration: 20.7ms | Allocations: 8627)
[Webpacker] Everything's up-to-date. Nothing to do
  Rendered shared/_navbar.html.erb (Duration: 1.4ms | Allocations: 944)
  Rendered shared/_flashes.html.erb (Duration: 0.4ms | Allocations: 204)
Completed 200 OK in 59ms (Views: 56.1ms | ActiveRecord: 0.0ms | Allocations: 22157)


Started GET "/users/sign_up" for ::1 at 2021-06-24 14:03:19 -0300
Processing by Devise::RegistrationsController#new as HTML
  Rendering devise/registrations/new.html.erb within layouts/application
  Rendered devise/shared/_links.html.erb (Duration: 0.3ms | Allocations: 132)
  Rendered devise/registrations/new.html.erb within layouts/application (Duration: 17.9ms | Allocations: 9734)
[Webpacker] Everything's up-to-date. Nothing to do
  Rendered shared/_navbar.html.erb (Duration: 1.3ms | Allocations: 578)
  Rendered shared/_flashes.html.erb (Duration: 0.1ms | Allocations: 23)
Completed 200 OK in 41ms (Views: 38.4ms | ActiveRecord: 0.0ms | Allocations: 21705)


Started GET "/users/sign_up" for ::1 at 2021-06-24 14:04:30 -0300
Processing by Devise::RegistrationsController#new as HTML
  Rendering devise/registrations/new.html.erb within layouts/application
  Rendered devise/shared/_links.html.erb (Duration: 0.8ms | Allocations: 479)
  Rendered devise/registrations/new.html.erb within layouts/application (Duration: 30.4ms | Allocations: 9930)
[Webpacker] Everything's up-to-date. Nothing to do
  Rendered shared/_navbar.html.erb (Duration: 1.5ms | Allocations: 944)
  Rendered shared/_flashes.html.erb (Duration: 0.5ms | Allocations: 204)
Completed 200 OK in 83ms (Views: 80.7ms | ActiveRecord: 0.0ms | Allocations: 23386)


Started GET "/users/sign_up" for ::1 at 2021-06-24 14:04:56 -0300
Processing by Devise::RegistrationsController#new as HTML
  Rendering devise/registrations/new.html.erb within layouts/application
  Rendered devise/shared/_links.html.erb (Duration: 0.7ms | Allocations: 479)
  Rendered devise/registrations/new.html.erb within layouts/application (Duration: 28.3ms | Allocations: 9932)
[Webpacker] Everything's up-to-date. Nothing to do
  Rendered shared/_navbar.html.erb (Duration: 4.2ms | Allocations: 950)
  Rendered shared/_flashes.html.erb (Duration: 0.7ms | Allocations: 204)
Completed 200 OK in 97ms (Views: 95.8ms | ActiveRecord: 0.0ms | Allocations: 23396)


Started GET "/users/sign_up" for ::1 at 2021-06-24 14:06:31 -0300
Processing by Devise::RegistrationsController#new as HTML
  Rendering devise/registrations/new.html.erb within layouts/application
  Rendered devise/shared/_links.html.erb (Duration: 0.9ms | Allocations: 479)
  Rendered devise/registrations/new.html.erb within layouts/application (Duration: 24.7ms | Allocations: 9966)
[Webpacker] Everything's up-to-date. Nothing to do
  Rendered shared/_navbar.html.erb (Duration: 2.5ms | Allocations: 952)
  Rendered shared/_flashes.html.erb (Duration: 0.4ms | Allocations: 204)
Completed 200 OK in 55ms (Views: 54.1ms | ActiveRecord: 0.0ms | Allocations: 23433)


Started GET "/users/sign_up" for ::1 at 2021-06-24 14:06:33 -0300
Processing by Devise::RegistrationsController#new as HTML
  Rendering devise/registrations/new.html.erb within layouts/application
  Rendered devise/shared/_links.html.erb (Duration: 0.1ms | Allocations: 88)
  Rendered devise/registrations/new.html.erb within layouts/application (Duration: 15.7ms | Allocations: 9119)
[Webpacker] Everything's up-to-date. Nothing to do
  Rendered shared/_navbar.html.erb (Duration: 1.0ms | Allocations: 578)
  Rendered shared/_flashes.html.erb (Duration: 0.1ms | Allocations: 21)
Completed 200 OK in 34ms (Views: 33.1ms | ActiveRecord: 0.0ms | Allocations: 20332)


Started GET "/users/sign_up" for ::1 at 2021-06-24 14:07:09 -0300
Processing by Devise::RegistrationsController#new as HTML
  Rendering devise/registrations/new.html.erb within layouts/application
  Rendered devise/shared/_links.html.erb (Duration: 0.7ms | Allocations: 479)
  Rendered devise/registrations/new.html.erb within layouts/application (Duration: 32.1ms | Allocations: 9932)
[Webpacker] Everything's up-to-date. Nothing to do
  Rendered shared/_navbar.html.erb (Duration: 6.6ms | Allocations: 941)
  Rendered shared/_flashes.html.erb (Duration: 1.4ms | Allocations: 198)
Completed 200 OK in 84ms (Views: 82.5ms | ActiveRecord: 0.0ms | Allocations: 23376)


Started GET "/users/sign_up" for ::1 at 2021-06-24 14:07:13 -0300
Processing by Devise::RegistrationsController#new as HTML
  Rendering devise/registrations/new.html.erb within layouts/application
  Rendered devise/shared/_links.html.erb (Duration: 0.1ms | Allocations: 88)
  Rendered devise/registrations/new.html.erb within layouts/application (Duration: 16.4ms | Allocations: 9119)
[Webpacker] Everything's up-to-date. Nothing to do
  Rendered shared/_navbar.html.erb (Duration: 0.9ms | Allocations: 578)
  Rendered shared/_flashes.html.erb (Duration: 0.0ms | Allocations: 21)
Completed 200 OK in 37ms (Views: 34.1ms | ActiveRecord: 0.0ms | Allocations: 20332)


Started GET "/users/sign_in" for ::1 at 2021-06-24 14:07:17 -0300
Processing by Devise::SessionsController#new as HTML
  Rendering devise/sessions/new.html.erb within layouts/application
  Rendered devise/shared/_links.html.erb (Duration: 0.2ms | Allocations: 150)
  Rendered devise/sessions/new.html.erb within layouts/application (Duration: 17.8ms | Allocations: 8101)
[Webpacker] Everything's up-to-date. Nothing to do
  Rendered shared/_navbar.html.erb (Duration: 2.1ms | Allocations: 578)
  Rendered shared/_flashes.html.erb (Duration: 0.1ms | Allocations: 23)
Completed 200 OK in 50ms (Views: 47.2ms | ActiveRecord: 0.0ms | Allocations: 20036)


Started GET "/users/sign_in" for ::1 at 2021-06-24 14:07:21 -0300
Processing by Devise::SessionsController#new as HTML
  Rendering devise/sessions/new.html.erb within layouts/application
  Rendered devise/shared/_links.html.erb (Duration: 0.2ms | Allocations: 150)
  Rendered devise/sessions/new.html.erb within layouts/application (Duration: 27.6ms | Allocations: 7876)
[Webpacker] Everything's up-to-date. Nothing to do
  Rendered shared/_navbar.html.erb (Duration: 1.3ms | Allocations: 573)
  Rendered shared/_flashes.html.erb (Duration: 0.1ms | Allocations: 21)
Completed 200 OK in 46ms (Views: 44.2ms | ActiveRecord: 0.0ms | Allocations: 19138)


Started GET "/" for ::1 at 2021-06-24 14:08:37 -0300
Processing by PagesController#home as HTML
  Rendering pages/home.html.erb within layouts/application
  Rendered pages/home.html.erb within layouts/application (Duration: 0.6ms | Allocations: 90)
[Webpacker] Everything's up-to-date. Nothing to do
  Rendered shared/_navbar.html.erb (Duration: 1.3ms | Allocations: 615)
  Rendered shared/_flashes.html.erb (Duration: 0.1ms | Allocations: 23)
Completed 200 OK in 56ms (Views: 54.6ms | ActiveRecord: 0.0ms | Allocations: 11920)


Started GET "/" for ::1 at 2021-06-24 14:08:54 -0300
  [1m[35m (1.1ms)[0m  [1m[34mSELECT "schema_migrations"."version" FROM "schema_migrations" ORDER BY "schema_migrations"."version" ASC[0m
Processing by PagesController#home as HTML
  Rendering pages/home.html.erb within layouts/application
  Rendered pages/home.html.erb within layouts/application (Duration: 1.0ms | Allocations: 206)
[Webpacker] Everything's up-to-date. Nothing to do
  Rendered shared/_navbar.html.erb (Duration: 45.2ms | Allocations: 1067)
  Rendered shared/_flashes.html.erb (Duration: 0.8ms | Allocations: 208)
Completed 200 OK in 262ms (Views: 256.0ms | ActiveRecord: 0.0ms | Allocations: 43332)


